2024-06-14T00:04:06.436+08:00  INFO 32568 --- [billingservice] [restartedMain] c.e.b.BillingserviceApplication          : Starting BillingserviceApplication using Java 17.0.10 with PID 32568 (C:\Users\ohchi\OneDrive\Desktop\ѧУ\205\billingservice\target\classes started by ohchi in C:\Users\ohchi\OneDrive\Desktop\ѧУ\205\billingservice)
2024-06-14T00:04:06.442+08:00  INFO 32568 --- [billingservice] [restartedMain] c.e.b.BillingserviceApplication          : No active profile set, falling back to 1 default profile: "default"
2024-06-14T00:04:06.511+08:00  INFO 32568 --- [billingservice] [restartedMain] .e.DevToolsPropertyDefaultsPostProcessor : Devtools property defaults active! Set 'spring.devtools.add-properties' to 'false' to disable
2024-06-14T00:04:06.512+08:00  INFO 32568 --- [billingservice] [restartedMain] .e.DevToolsPropertyDefaultsPostProcessor : For additional web related logging consider setting the 'logging.level.web' property to 'DEBUG'
2024-06-14T00:04:07.428+08:00  INFO 32568 --- [billingservice] [restartedMain] .s.d.r.c.RepositoryConfigurationDelegate : Bootstrapping Spring Data JPA repositories in DEFAULT mode.
2024-06-14T00:04:07.498+08:00  INFO 32568 --- [billingservice] [restartedMain] .s.d.r.c.RepositoryConfigurationDelegate : Finished Spring Data repository scanning in 60 ms. Found 1 JPA repository interface.
2024-06-14T00:04:08.372+08:00  INFO 32568 --- [billingservice] [restartedMain] o.s.b.w.embedded.tomcat.TomcatWebServer  : Tomcat initialized with port 8080 (http)
2024-06-14T00:04:08.396+08:00  INFO 32568 --- [billingservice] [restartedMain] o.apache.catalina.core.StandardService   : Starting service [Tomcat]
2024-06-14T00:04:08.397+08:00  INFO 32568 --- [billingservice] [restartedMain] o.apache.catalina.core.StandardEngine    : Starting Servlet engine: [Apache Tomcat/10.1.24]
2024-06-14T00:04:08.492+08:00  INFO 32568 --- [billingservice] [restartedMain] o.a.c.c.C.[Tomcat].[localhost].[/]       : Initializing Spring embedded WebApplicationContext
2024-06-14T00:04:08.493+08:00  INFO 32568 --- [billingservice] [restartedMain] w.s.c.ServletWebServerApplicationContext : Root WebApplicationContext: initialization completed in 1981 ms
2024-06-14T00:04:09.006+08:00  INFO 32568 --- [billingservice] [restartedMain] o.hibernate.jpa.internal.util.LogHelper  : HHH000204: Processing PersistenceUnitInfo [name: default]
2024-06-14T00:04:09.110+08:00  INFO 32568 --- [billingservice] [restartedMain] org.hibernate.Version                    : HHH000412: Hibernate ORM core version 6.5.2.Final
2024-06-14T00:04:09.174+08:00  INFO 32568 --- [billingservice] [restartedMain] o.h.c.internal.RegionFactoryInitiator    : HHH000026: Second-level cache disabled
2024-06-14T00:04:09.627+08:00  INFO 32568 --- [billingservice] [restartedMain] o.s.o.j.p.SpringPersistenceUnitInfo      : No LoadTimeWeaver setup: ignoring JPA class transformer
2024-06-14T00:04:09.676+08:00  INFO 32568 --- [billingservice] [restartedMain] com.zaxxer.hikari.HikariDataSource       : HikariPool-1 - Starting...
2024-06-14T00:04:09.830+08:00  INFO 32568 --- [billingservice] [restartedMain] com.zaxxer.hikari.pool.HikariPool        : HikariPool-1 - Added connection com.mysql.cj.jdbc.ConnectionImpl@7c092091
2024-06-14T00:04:09.832+08:00  INFO 32568 --- [billingservice] [restartedMain] com.zaxxer.hikari.HikariDataSource       : HikariPool-1 - Start completed.
2024-06-14T00:04:09.858+08:00  WARN 32568 --- [billingservice] [restartedMain] org.hibernate.orm.deprecation            : HHH90000025: MySQL8Dialect does not need to be specified explicitly using 'hibernate.dialect' (remove the property setting and it will be selected by default)
2024-06-14T00:04:09.859+08:00  WARN 32568 --- [billingservice] [restartedMain] org.hibernate.orm.deprecation            : HHH90000026: MySQL8Dialect has been deprecated; use org.hibernate.dialect.MySQLDialect instead
2024-06-14T00:04:10.570+08:00  INFO 32568 --- [billingservice] [restartedMain] o.h.e.t.j.p.i.JtaPlatformInitiator       : HHH000489: No JTA platform available (set 'hibernate.transaction.jta.platform' to enable JTA platform integration)
2024-06-14T00:04:10.611+08:00  INFO 32568 --- [billingservice] [restartedMain] j.LocalContainerEntityManagerFactoryBean : Initialized JPA EntityManagerFactory for persistence unit 'default'
2024-06-14T00:04:11.155+08:00  WARN 32568 --- [billingservice] [restartedMain] JpaBaseConfiguration$JpaWebConfiguration : spring.jpa.open-in-view is enabled by default. Therefore, database queries may be performed during view rendering. Explicitly configure spring.jpa.open-in-view to disable this warning
2024-06-14T00:04:11.222+08:00  INFO 32568 --- [billingservice] [restartedMain] o.s.b.a.w.s.WelcomePageHandlerMapping    : Adding welcome page: class path resource [static/index.html]
2024-06-14T00:04:12.520+08:00  INFO 32568 --- [billingservice] [restartedMain] o.s.b.d.a.OptionalLiveReloadServer       : LiveReload server is running on port 35729
2024-06-14T00:04:12.534+08:00  INFO 32568 --- [billingservice] [restartedMain] o.s.b.a.e.web.EndpointLinksResolver      : Exposing 1 endpoint beneath base path '/actuator'
2024-06-14T00:04:12.618+08:00  INFO 32568 --- [billingservice] [restartedMain] o.s.b.w.embedded.tomcat.TomcatWebServer  : Tomcat started on port 8080 (http) with context path '/'
2024-06-14T00:04:12.628+08:00  INFO 32568 --- [billingservice] [restartedMain] c.e.b.BillingserviceApplication          : Started BillingserviceApplication in 6.641 seconds (process running for 7.261)
2024-06-14T00:04:15.168+08:00  INFO 32568 --- [billingservice] [RMI TCP Connection(2)-127.0.0.1] o.a.c.c.C.[Tomcat].[localhost].[/]       : Initializing Spring DispatcherServlet 'dispatcherServlet'
2024-06-14T00:04:15.168+08:00  INFO 32568 --- [billingservice] [RMI TCP Connection(2)-127.0.0.1] o.s.web.servlet.DispatcherServlet        : Initializing Servlet 'dispatcherServlet'
2024-06-14T00:04:15.170+08:00  INFO 32568 --- [billingservice] [RMI TCP Connection(2)-127.0.0.1] o.s.web.servlet.DispatcherServlet        : Completed initialization in 1 ms
2024-06-14T00:08:16.206+08:00  INFO 32568 --- [billingservice] [File Watcher] rtingClassPathChangeChangedEventListener : Restarting due to 1 class path change (0 additions, 0 deletions, 1 modification)
2024-06-14T00:08:16.222+08:00  INFO 32568 --- [billingservice] [Thread-5] j.LocalContainerEntityManagerFactoryBean : Closing JPA EntityManagerFactory for persistence unit 'default'
2024-06-14T00:08:16.226+08:00  INFO 32568 --- [billingservice] [Thread-5] com.zaxxer.hikari.HikariDataSource       : HikariPool-1 - Shutdown initiated...
2024-06-14T00:08:16.236+08:00  INFO 32568 --- [billingservice] [Thread-5] com.zaxxer.hikari.HikariDataSource       : HikariPool-1 - Shutdown completed.
2024-06-14T00:08:16.324+08:00  INFO 32568 --- [billingservice] [restartedMain] c.e.b.BillingserviceApplication          : Starting BillingserviceApplication using Java 17.0.10 with PID 32568 (C:\Users\ohchi\OneDrive\Desktop\ѧУ\205\billingservice\target\classes started by ohchi in C:\Users\ohchi\OneDrive\Desktop\ѧУ\205\billingservice)
2024-06-14T00:08:16.325+08:00  INFO 32568 --- [billingservice] [restartedMain] c.e.b.BillingserviceApplication          : No active profile set, falling back to 1 default profile: "default"
2024-06-14T00:08:16.587+08:00  INFO 32568 --- [billingservice] [restartedMain] .s.d.r.c.RepositoryConfigurationDelegate : Bootstrapping Spring Data JPA repositories in DEFAULT mode.
2024-06-14T00:08:16.599+08:00  INFO 32568 --- [billingservice] [restartedMain] .s.d.r.c.RepositoryConfigurationDelegate : Finished Spring Data repository scanning in 10 ms. Found 1 JPA repository interface.
2024-06-14T00:08:16.722+08:00  INFO 32568 --- [billingservice] [restartedMain] o.s.b.w.embedded.tomcat.TomcatWebServer  : Tomcat initialized with port 8080 (http)
2024-06-14T00:08:16.723+08:00  INFO 32568 --- [billingservice] [restartedMain] o.apache.catalina.core.StandardService   : Starting service [Tomcat]
2024-06-14T00:08:16.724+08:00  INFO 32568 --- [billingservice] [restartedMain] o.apache.catalina.core.StandardEngine    : Starting Servlet engine: [Apache Tomcat/10.1.24]
2024-06-14T00:08:16.743+08:00  INFO 32568 --- [billingservice] [restartedMain] o.a.c.c.C.[Tomcat].[localhost].[/]       : Initializing Spring embedded WebApplicationContext
2024-06-14T00:08:16.744+08:00  INFO 32568 --- [billingservice] [restartedMain] w.s.c.ServletWebServerApplicationContext : Root WebApplicationContext: initialization completed in 417 ms
2024-06-14T00:08:16.858+08:00  INFO 32568 --- [billingservice] [restartedMain] o.hibernate.jpa.internal.util.LogHelper  : HHH000204: Processing PersistenceUnitInfo [name: default]
2024-06-14T00:08:16.860+08:00  INFO 32568 --- [billingservice] [restartedMain] o.h.c.internal.RegionFactoryInitiator    : HHH000026: Second-level cache disabled
2024-06-14T00:08:16.871+08:00  INFO 32568 --- [billingservice] [restartedMain] o.s.o.j.p.SpringPersistenceUnitInfo      : No LoadTimeWeaver setup: ignoring JPA class transformer
2024-06-14T00:08:16.872+08:00  INFO 32568 --- [billingservice] [restartedMain] com.zaxxer.hikari.HikariDataSource       : HikariPool-2 - Starting...
2024-06-14T00:08:16.877+08:00  INFO 32568 --- [billingservice] [restartedMain] com.zaxxer.hikari.pool.HikariPool        : HikariPool-2 - Added connection com.mysql.cj.jdbc.ConnectionImpl@6603d00f
2024-06-14T00:08:16.878+08:00  INFO 32568 --- [billingservice] [restartedMain] com.zaxxer.hikari.HikariDataSource       : HikariPool-2 - Start completed.
2024-06-14T00:08:16.879+08:00  WARN 32568 --- [billingservice] [restartedMain] org.hibernate.orm.deprecation            : HHH90000025: MySQL8Dialect does not need to be specified explicitly using 'hibernate.dialect' (remove the property setting and it will be selected by default)
2024-06-14T00:08:16.880+08:00  WARN 32568 --- [billingservice] [restartedMain] org.hibernate.orm.deprecation            : HHH90000026: MySQL8Dialect has been deprecated; use org.hibernate.dialect.MySQLDialect instead
2024-06-14T00:08:16.927+08:00  INFO 32568 --- [billingservice] [restartedMain] o.h.e.t.j.p.i.JtaPlatformInitiator       : HHH000489: No JTA platform available (set 'hibernate.transaction.jta.platform' to enable JTA platform integration)
2024-06-14T00:08:16.932+08:00  INFO 32568 --- [billingservice] [restartedMain] j.LocalContainerEntityManagerFactoryBean : Initialized JPA EntityManagerFactory for persistence unit 'default'
2024-06-14T00:08:17.042+08:00  WARN 32568 --- [billingservice] [restartedMain] JpaBaseConfiguration$JpaWebConfiguration : spring.jpa.open-in-view is enabled by default. Therefore, database queries may be performed during view rendering. Explicitly configure spring.jpa.open-in-view to disable this warning
2024-06-14T00:08:17.067+08:00  INFO 32568 --- [billingservice] [restartedMain] o.s.b.a.w.s.WelcomePageHandlerMapping    : Adding welcome page: class path resource [static/index.html]
2024-06-14T00:08:17.423+08:00  INFO 32568 --- [billingservice] [restartedMain] o.s.b.d.a.OptionalLiveReloadServer       : LiveReload server is running on port 35729
2024-06-14T00:08:17.428+08:00  INFO 32568 --- [billingservice] [restartedMain] o.s.b.a.e.web.EndpointLinksResolver      : Exposing 1 endpoint beneath base path '/actuator'
2024-06-14T00:08:17.461+08:00  INFO 32568 --- [billingservice] [restartedMain] o.s.b.w.embedded.tomcat.TomcatWebServer  : Tomcat started on port 8080 (http) with context path '/'
2024-06-14T00:08:17.471+08:00  INFO 32568 --- [billingservice] [restartedMain] c.e.b.BillingserviceApplication          : Started BillingserviceApplication in 1.167 seconds (process running for 252.103)
2024-06-14T00:08:17.478+08:00  INFO 32568 --- [billingservice] [restartedMain] .ConditionEvaluationDeltaLoggingListener : Condition evaluation unchanged
2024-06-14T00:08:50.466+08:00  INFO 32568 --- [billingservice] [http-nio-8080-exec-2] o.a.c.c.C.[Tomcat].[localhost].[/]       : Initializing Spring DispatcherServlet 'dispatcherServlet'
2024-06-14T00:08:50.466+08:00  INFO 32568 --- [billingservice] [http-nio-8080-exec-2] o.s.web.servlet.DispatcherServlet        : Initializing Servlet 'dispatcherServlet'
2024-06-14T00:08:50.467+08:00  INFO 32568 --- [billingservice] [http-nio-8080-exec-2] o.s.web.servlet.DispatcherServlet        : Completed initialization in 1 ms
2024-06-14T00:08:55.077+08:00  INFO 31144 --- [billingservice] [restartedMain] c.e.b.BillingserviceApplication          : Starting BillingserviceApplication using Java 17.0.10 with PID 31144 (C:\Users\ohchi\OneDrive\Desktop\ѧУ\205\billingservice\target\classes started by ohchi in C:\Users\ohchi\OneDrive\Desktop\ѧУ\205\billingservice)
2024-06-14T00:08:55.080+08:00  INFO 31144 --- [billingservice] [restartedMain] c.e.b.BillingserviceApplication          : No active profile set, falling back to 1 default profile: "default"
2024-06-14T00:08:55.128+08:00  INFO 31144 --- [billingservice] [restartedMain] .e.DevToolsPropertyDefaultsPostProcessor : Devtools property defaults active! Set 'spring.devtools.add-properties' to 'false' to disable
2024-06-14T00:08:55.129+08:00  INFO 31144 --- [billingservice] [restartedMain] .e.DevToolsPropertyDefaultsPostProcessor : For additional web related logging consider setting the 'logging.level.web' property to 'DEBUG'
2024-06-14T00:08:56.164+08:00  INFO 31144 --- [billingservice] [restartedMain] .s.d.r.c.RepositoryConfigurationDelegate : Bootstrapping Spring Data JPA repositories in DEFAULT mode.
2024-06-14T00:08:56.209+08:00  INFO 31144 --- [billingservice] [restartedMain] .s.d.r.c.RepositoryConfigurationDelegate : Finished Spring Data repository scanning in 37 ms. Found 1 JPA repository interface.
2024-06-14T00:08:56.991+08:00  INFO 31144 --- [billingservice] [restartedMain] o.s.b.w.embedded.tomcat.TomcatWebServer  : Tomcat initialized with port 8080 (http)
2024-06-14T00:08:57.005+08:00  INFO 31144 --- [billingservice] [restartedMain] o.apache.catalina.core.StandardService   : Starting service [Tomcat]
2024-06-14T00:08:57.006+08:00  INFO 31144 --- [billingservice] [restartedMain] o.apache.catalina.core.StandardEngine    : Starting Servlet engine: [Apache Tomcat/10.1.24]
2024-06-14T00:08:57.062+08:00  INFO 31144 --- [billingservice] [restartedMain] o.a.c.c.C.[Tomcat].[localhost].[/]       : Initializing Spring embedded WebApplicationContext
2024-06-14T00:08:57.063+08:00  INFO 31144 --- [billingservice] [restartedMain] w.s.c.ServletWebServerApplicationContext : Root WebApplicationContext: initialization completed in 1933 ms
2024-06-14T00:08:57.566+08:00  INFO 31144 --- [billingservice] [restartedMain] o.hibernate.jpa.internal.util.LogHelper  : HHH000204: Processing PersistenceUnitInfo [name: default]
2024-06-14T00:08:57.649+08:00  INFO 31144 --- [billingservice] [restartedMain] org.hibernate.Version                    : HHH000412: Hibernate ORM core version 6.5.2.Final
2024-06-14T00:08:57.704+08:00  INFO 31144 --- [billingservice] [restartedMain] o.h.c.internal.RegionFactoryInitiator    : HHH000026: Second-level cache disabled
2024-06-14T00:08:58.168+08:00  INFO 31144 --- [billingservice] [restartedMain] o.s.o.j.p.SpringPersistenceUnitInfo      : No LoadTimeWeaver setup: ignoring JPA class transformer
2024-06-14T00:08:58.202+08:00  INFO 31144 --- [billingservice] [restartedMain] com.zaxxer.hikari.HikariDataSource       : HikariPool-1 - Starting...
2024-06-14T00:08:58.347+08:00  INFO 31144 --- [billingservice] [restartedMain] com.zaxxer.hikari.pool.HikariPool        : HikariPool-1 - Added connection com.mysql.cj.jdbc.ConnectionImpl@713cd96b
2024-06-14T00:08:58.349+08:00  INFO 31144 --- [billingservice] [restartedMain] com.zaxxer.hikari.HikariDataSource       : HikariPool-1 - Start completed.
2024-06-14T00:08:58.373+08:00  WARN 31144 --- [billingservice] [restartedMain] org.hibernate.orm.deprecation            : HHH90000025: MySQL8Dialect does not need to be specified explicitly using 'hibernate.dialect' (remove the property setting and it will be selected by default)
2024-06-14T00:08:58.375+08:00  WARN 31144 --- [billingservice] [restartedMain] org.hibernate.orm.deprecation            : HHH90000026: MySQL8Dialect has been deprecated; use org.hibernate.dialect.MySQLDialect instead
2024-06-14T00:08:58.946+08:00  INFO 31144 --- [billingservice] [restartedMain] o.h.e.t.j.p.i.JtaPlatformInitiator       : HHH000489: No JTA platform available (set 'hibernate.transaction.jta.platform' to enable JTA platform integration)
2024-06-14T00:08:58.995+08:00  INFO 31144 --- [billingservice] [restartedMain] j.LocalContainerEntityManagerFactoryBean : Initialized JPA EntityManagerFactory for persistence unit 'default'
2024-06-14T00:08:59.524+08:00  WARN 31144 --- [billingservice] [restartedMain] JpaBaseConfiguration$JpaWebConfiguration : spring.jpa.open-in-view is enabled by default. Therefore, database queries may be performed during view rendering. Explicitly configure spring.jpa.open-in-view to disable this warning
2024-06-14T00:08:59.593+08:00  INFO 31144 --- [billingservice] [restartedMain] o.s.b.a.w.s.WelcomePageHandlerMapping    : Adding welcome page: class path resource [static/index.html]
2024-06-14T00:09:00.782+08:00  INFO 31144 --- [billingservice] [restartedMain] o.s.b.d.a.OptionalLiveReloadServer       : LiveReload server is running on port 35729
2024-06-14T00:09:00.792+08:00  INFO 31144 --- [billingservice] [restartedMain] o.s.b.a.e.web.EndpointLinksResolver      : Exposing 1 endpoint beneath base path '/actuator'
2024-06-14T00:09:00.860+08:00  INFO 31144 --- [billingservice] [restartedMain] o.s.b.w.embedded.tomcat.TomcatWebServer  : Tomcat started on port 8080 (http) with context path '/'
2024-06-14T00:09:00.877+08:00  INFO 31144 --- [billingservice] [restartedMain] c.e.b.BillingserviceApplication          : Started BillingserviceApplication in 6.136 seconds (process running for 6.638)
2024-06-14T00:09:00.931+08:00  INFO 31144 --- [billingservice] [RMI TCP Connection(2)-127.0.0.1] o.a.c.c.C.[Tomcat].[localhost].[/]       : Initializing Spring DispatcherServlet 'dispatcherServlet'
2024-06-14T00:09:00.931+08:00  INFO 31144 --- [billingservice] [RMI TCP Connection(2)-127.0.0.1] o.s.web.servlet.DispatcherServlet        : Initializing Servlet 'dispatcherServlet'
2024-06-14T00:09:00.932+08:00  INFO 31144 --- [billingservice] [RMI TCP Connection(2)-127.0.0.1] o.s.web.servlet.DispatcherServlet        : Completed initialization in 1 ms
2024-06-14T00:10:16.934+08:00  INFO 31144 --- [billingservice] [File Watcher] rtingClassPathChangeChangedEventListener : Restarting due to 1 class path change (0 additions, 0 deletions, 1 modification)
2024-06-14T00:10:16.949+08:00  INFO 31144 --- [billingservice] [Thread-5] j.LocalContainerEntityManagerFactoryBean : Closing JPA EntityManagerFactory for persistence unit 'default'
2024-06-14T00:10:16.953+08:00  INFO 31144 --- [billingservice] [Thread-5] com.zaxxer.hikari.HikariDataSource       : HikariPool-1 - Shutdown initiated...
2024-06-14T00:10:16.964+08:00  INFO 31144 --- [billingservice] [Thread-5] com.zaxxer.hikari.HikariDataSource       : HikariPool-1 - Shutdown completed.
2024-06-14T00:10:17.065+08:00  INFO 31144 --- [billingservice] [restartedMain] c.e.b.BillingserviceApplication          : Starting BillingserviceApplication using Java 17.0.10 with PID 31144 (C:\Users\ohchi\OneDrive\Desktop\ѧУ\205\billingservice\target\classes started by ohchi in C:\Users\ohchi\OneDrive\Desktop\ѧУ\205\billingservice)
2024-06-14T00:10:17.066+08:00  INFO 31144 --- [billingservice] [restartedMain] c.e.b.BillingserviceApplication          : No active profile set, falling back to 1 default profile: "default"
2024-06-14T00:10:17.359+08:00  INFO 31144 --- [billingservice] [restartedMain] .s.d.r.c.RepositoryConfigurationDelegate : Bootstrapping Spring Data JPA repositories in DEFAULT mode.
2024-06-14T00:10:17.371+08:00  INFO 31144 --- [billingservice] [restartedMain] .s.d.r.c.RepositoryConfigurationDelegate : Finished Spring Data repository scanning in 10 ms. Found 1 JPA repository interface.
2024-06-14T00:10:17.503+08:00  INFO 31144 --- [billingservice] [restartedMain] o.s.b.w.embedded.tomcat.TomcatWebServer  : Tomcat initialized with port 8080 (http)
2024-06-14T00:10:17.505+08:00  INFO 31144 --- [billingservice] [restartedMain] o.apache.catalina.core.StandardService   : Starting service [Tomcat]
2024-06-14T00:10:17.505+08:00  INFO 31144 --- [billingservice] [restartedMain] o.apache.catalina.core.StandardEngine    : Starting Servlet engine: [Apache Tomcat/10.1.24]
2024-06-14T00:10:17.527+08:00  INFO 31144 --- [billingservice] [restartedMain] o.a.c.c.C.[Tomcat].[localhost].[/]       : Initializing Spring embedded WebApplicationContext
2024-06-14T00:10:17.528+08:00  INFO 31144 --- [billingservice] [restartedMain] w.s.c.ServletWebServerApplicationContext : Root WebApplicationContext: initialization completed in 460 ms
2024-06-14T00:10:17.660+08:00  INFO 31144 --- [billingservice] [restartedMain] o.hibernate.jpa.internal.util.LogHelper  : HHH000204: Processing PersistenceUnitInfo [name: default]
2024-06-14T00:10:17.663+08:00  INFO 31144 --- [billingservice] [restartedMain] o.h.c.internal.RegionFactoryInitiator    : HHH000026: Second-level cache disabled
2024-06-14T00:10:17.676+08:00  INFO 31144 --- [billingservice] [restartedMain] o.s.o.j.p.SpringPersistenceUnitInfo      : No LoadTimeWeaver setup: ignoring JPA class transformer
2024-06-14T00:10:17.678+08:00  INFO 31144 --- [billingservice] [restartedMain] com.zaxxer.hikari.HikariDataSource       : HikariPool-2 - Starting...
2024-06-14T00:10:17.685+08:00  INFO 31144 --- [billingservice] [restartedMain] com.zaxxer.hikari.pool.HikariPool        : HikariPool-2 - Added connection com.mysql.cj.jdbc.ConnectionImpl@7ff4c270
2024-06-14T00:10:17.685+08:00  INFO 31144 --- [billingservice] [restartedMain] com.zaxxer.hikari.HikariDataSource       : HikariPool-2 - Start completed.
2024-06-14T00:10:17.686+08:00  WARN 31144 --- [billingservice] [restartedMain] org.hibernate.orm.deprecation            : HHH90000025: MySQL8Dialect does not need to be specified explicitly using 'hibernate.dialect' (remove the property setting and it will be selected by default)
2024-06-14T00:10:17.687+08:00  WARN 31144 --- [billingservice] [restartedMain] org.hibernate.orm.deprecation            : HHH90000026: MySQL8Dialect has been deprecated; use org.hibernate.dialect.MySQLDialect instead
2024-06-14T00:10:17.734+08:00  INFO 31144 --- [billingservice] [restartedMain] o.h.e.t.j.p.i.JtaPlatformInitiator       : HHH000489: No JTA platform available (set 'hibernate.transaction.jta.platform' to enable JTA platform integration)
2024-06-14T00:10:17.742+08:00  INFO 31144 --- [billingservice] [restartedMain] j.LocalContainerEntityManagerFactoryBean : Initialized JPA EntityManagerFactory for persistence unit 'default'
2024-06-14T00:10:17.882+08:00  WARN 31144 --- [billingservice] [restartedMain] JpaBaseConfiguration$JpaWebConfiguration : spring.jpa.open-in-view is enabled by default. Therefore, database queries may be performed during view rendering. Explicitly configure spring.jpa.open-in-view to disable this warning
2024-06-14T00:10:17.909+08:00  INFO 31144 --- [billingservice] [restartedMain] o.s.b.a.w.s.WelcomePageHandlerMapping    : Adding welcome page: class path resource [static/index.html]
2024-06-14T00:10:18.293+08:00  INFO 31144 --- [billingservice] [restartedMain] o.s.b.d.a.OptionalLiveReloadServer       : LiveReload server is running on port 35729
2024-06-14T00:10:18.299+08:00  INFO 31144 --- [billingservice] [restartedMain] o.s.b.a.e.web.EndpointLinksResolver      : Exposing 1 endpoint beneath base path '/actuator'
2024-06-14T00:10:18.322+08:00  INFO 31144 --- [billingservice] [restartedMain] o.s.b.w.embedded.tomcat.TomcatWebServer  : Tomcat started on port 8080 (http) with context path '/'
2024-06-14T00:10:18.330+08:00  INFO 31144 --- [billingservice] [restartedMain] c.e.b.BillingserviceApplication          : Started BillingserviceApplication in 1.296 seconds (process running for 84.091)
2024-06-14T00:10:18.334+08:00  INFO 31144 --- [billingservice] [restartedMain] .ConditionEvaluationDeltaLoggingListener : Condition evaluation unchanged
2024-06-14T00:11:07.884+08:00  INFO 31144 --- [billingservice] [File Watcher] rtingClassPathChangeChangedEventListener : Restarting due to 1 class path change (0 additions, 0 deletions, 1 modification)
2024-06-14T00:11:07.896+08:00  INFO 31144 --- [billingservice] [Thread-7] j.LocalContainerEntityManagerFactoryBean : Closing JPA EntityManagerFactory for persistence unit 'default'
2024-06-14T00:11:07.898+08:00  INFO 31144 --- [billingservice] [Thread-7] com.zaxxer.hikari.HikariDataSource       : HikariPool-2 - Shutdown initiated...
2024-06-14T00:11:07.901+08:00  INFO 31144 --- [billingservice] [Thread-7] com.zaxxer.hikari.HikariDataSource       : HikariPool-2 - Shutdown completed.
2024-06-14T00:11:07.960+08:00  INFO 31144 --- [billingservice] [restartedMain] c.e.b.BillingserviceApplication          : Starting BillingserviceApplication using Java 17.0.10 with PID 31144 (C:\Users\ohchi\OneDrive\Desktop\ѧУ\205\billingservice\target\classes started by ohchi in C:\Users\ohchi\OneDrive\Desktop\ѧУ\205\billingservice)
2024-06-14T00:11:07.960+08:00  INFO 31144 --- [billingservice] [restartedMain] c.e.b.BillingserviceApplication          : No active profile set, falling back to 1 default profile: "default"
2024-06-14T00:11:08.152+08:00  INFO 31144 --- [billingservice] [restartedMain] .s.d.r.c.RepositoryConfigurationDelegate : Bootstrapping Spring Data JPA repositories in DEFAULT mode.
2024-06-14T00:11:08.161+08:00  INFO 31144 --- [billingservice] [restartedMain] .s.d.r.c.RepositoryConfigurationDelegate : Finished Spring Data repository scanning in 7 ms. Found 1 JPA repository interface.
2024-06-14T00:11:08.264+08:00  INFO 31144 --- [billingservice] [restartedMain] o.s.b.w.embedded.tomcat.TomcatWebServer  : Tomcat initialized with port 8080 (http)
2024-06-14T00:11:08.265+08:00  INFO 31144 --- [billingservice] [restartedMain] o.apache.catalina.core.StandardService   : Starting service [Tomcat]
2024-06-14T00:11:08.266+08:00  INFO 31144 --- [billingservice] [restartedMain] o.apache.catalina.core.StandardEngine    : Starting Servlet engine: [Apache Tomcat/10.1.24]
2024-06-14T00:11:08.280+08:00  INFO 31144 --- [billingservice] [restartedMain] o.a.c.c.C.[Tomcat].[localhost].[/]       : Initializing Spring embedded WebApplicationContext
2024-06-14T00:11:08.281+08:00  INFO 31144 --- [billingservice] [restartedMain] w.s.c.ServletWebServerApplicationContext : Root WebApplicationContext: initialization completed in 318 ms
2024-06-14T00:11:08.354+08:00  INFO 31144 --- [billingservice] [restartedMain] o.hibernate.jpa.internal.util.LogHelper  : HHH000204: Processing PersistenceUnitInfo [name: default]
2024-06-14T00:11:08.356+08:00  INFO 31144 --- [billingservice] [restartedMain] o.h.c.internal.RegionFactoryInitiator    : HHH000026: Second-level cache disabled
2024-06-14T00:11:08.362+08:00  INFO 31144 --- [billingservice] [restartedMain] o.s.o.j.p.SpringPersistenceUnitInfo      : No LoadTimeWeaver setup: ignoring JPA class transformer
2024-06-14T00:11:08.364+08:00  INFO 31144 --- [billingservice] [restartedMain] com.zaxxer.hikari.HikariDataSource       : HikariPool-3 - Starting...
2024-06-14T00:11:08.367+08:00  INFO 31144 --- [billingservice] [restartedMain] com.zaxxer.hikari.pool.HikariPool        : HikariPool-3 - Added connection com.mysql.cj.jdbc.ConnectionImpl@2a366fe2
2024-06-14T00:11:08.367+08:00  INFO 31144 --- [billingservice] [restartedMain] com.zaxxer.hikari.HikariDataSource       : HikariPool-3 - Start completed.
2024-06-14T00:11:08.368+08:00  WARN 31144 --- [billingservice] [restartedMain] org.hibernate.orm.deprecation            : HHH90000025: MySQL8Dialect does not need to be specified explicitly using 'hibernate.dialect' (remove the property setting and it will be selected by default)
2024-06-14T00:11:08.368+08:00  WARN 31144 --- [billingservice] [restartedMain] org.hibernate.orm.deprecation            : HHH90000026: MySQL8Dialect has been deprecated; use org.hibernate.dialect.MySQLDialect instead
2024-06-14T00:11:08.395+08:00  INFO 31144 --- [billingservice] [restartedMain] o.h.e.t.j.p.i.JtaPlatformInitiator       : HHH000489: No JTA platform available (set 'hibernate.transaction.jta.platform' to enable JTA platform integration)
2024-06-14T00:11:08.401+08:00  INFO 31144 --- [billingservice] [restartedMain] j.LocalContainerEntityManagerFactoryBean : Initialized JPA EntityManagerFactory for persistence unit 'default'
2024-06-14T00:11:08.479+08:00  WARN 31144 --- [billingservice] [restartedMain] JpaBaseConfiguration$JpaWebConfiguration : spring.jpa.open-in-view is enabled by default. Therefore, database queries may be performed during view rendering. Explicitly configure spring.jpa.open-in-view to disable this warning
2024-06-14T00:11:08.494+08:00  INFO 31144 --- [billingservice] [restartedMain] o.s.b.a.w.s.WelcomePageHandlerMapping    : Adding welcome page: class path resource [static/index.html]
2024-06-14T00:11:08.717+08:00  INFO 31144 --- [billingservice] [restartedMain] o.s.b.d.a.OptionalLiveReloadServer       : LiveReload server is running on port 35729
2024-06-14T00:11:08.722+08:00  INFO 31144 --- [billingservice] [restartedMain] o.s.b.a.e.web.EndpointLinksResolver      : Exposing 1 endpoint beneath base path '/actuator'
2024-06-14T00:11:08.737+08:00  INFO 31144 --- [billingservice] [restartedMain] o.s.b.w.embedded.tomcat.TomcatWebServer  : Tomcat started on port 8080 (http) with context path '/'
2024-06-14T00:11:08.741+08:00  INFO 31144 --- [billingservice] [restartedMain] c.e.b.BillingserviceApplication          : Started BillingserviceApplication in 0.799 seconds (process running for 134.502)
2024-06-14T00:11:08.744+08:00  INFO 31144 --- [billingservice] [restartedMain] .ConditionEvaluationDeltaLoggingListener : Condition evaluation unchanged
2024-06-14T00:11:17.298+08:00  INFO 31144 --- [billingservice] [File Watcher] rtingClassPathChangeChangedEventListener : Restarting due to 1 class path change (0 additions, 0 deletions, 1 modification)
2024-06-14T00:11:17.310+08:00  INFO 31144 --- [billingservice] [Thread-11] j.LocalContainerEntityManagerFactoryBean : Closing JPA EntityManagerFactory for persistence unit 'default'
2024-06-14T00:11:17.311+08:00  INFO 31144 --- [billingservice] [Thread-11] com.zaxxer.hikari.HikariDataSource       : HikariPool-3 - Shutdown initiated...
2024-06-14T00:11:17.315+08:00  INFO 31144 --- [billingservice] [Thread-11] com.zaxxer.hikari.HikariDataSource       : HikariPool-3 - Shutdown completed.
2024-06-14T00:11:17.377+08:00  INFO 31144 --- [billingservice] [restartedMain] c.e.b.BillingserviceApplication          : Starting BillingserviceApplication using Java 17.0.10 with PID 31144 (C:\Users\ohchi\OneDrive\Desktop\ѧУ\205\billingservice\target\classes started by ohchi in C:\Users\ohchi\OneDrive\Desktop\ѧУ\205\billingservice)
2024-06-14T00:11:17.378+08:00  INFO 31144 --- [billingservice] [restartedMain] c.e.b.BillingserviceApplication          : No active profile set, falling back to 1 default profile: "default"
2024-06-14T00:11:17.582+08:00  INFO 31144 --- [billingservice] [restartedMain] .s.d.r.c.RepositoryConfigurationDelegate : Bootstrapping Spring Data JPA repositories in DEFAULT mode.
2024-06-14T00:11:17.592+08:00  INFO 31144 --- [billingservice] [restartedMain] .s.d.r.c.RepositoryConfigurationDelegate : Finished Spring Data repository scanning in 8 ms. Found 1 JPA repository interface.
2024-06-14T00:11:17.698+08:00  INFO 31144 --- [billingservice] [restartedMain] o.s.b.w.embedded.tomcat.TomcatWebServer  : Tomcat initialized with port 8080 (http)
2024-06-14T00:11:17.699+08:00  INFO 31144 --- [billingservice] [restartedMain] o.apache.catalina.core.StandardService   : Starting service [Tomcat]
2024-06-14T00:11:17.700+08:00  INFO 31144 --- [billingservice] [restartedMain] o.apache.catalina.core.StandardEngine    : Starting Servlet engine: [Apache Tomcat/10.1.24]
2024-06-14T00:11:17.720+08:00  INFO 31144 --- [billingservice] [restartedMain] o.a.c.c.C.[Tomcat].[localhost].[/]       : Initializing Spring embedded WebApplicationContext
2024-06-14T00:11:17.721+08:00  INFO 31144 --- [billingservice] [restartedMain] w.s.c.ServletWebServerApplicationContext : Root WebApplicationContext: initialization completed in 341 ms
2024-06-14T00:11:17.819+08:00  INFO 31144 --- [billingservice] [restartedMain] o.hibernate.jpa.internal.util.LogHelper  : HHH000204: Processing PersistenceUnitInfo [name: default]
2024-06-14T00:11:17.821+08:00  INFO 31144 --- [billingservice] [restartedMain] o.h.c.internal.RegionFactoryInitiator    : HHH000026: Second-level cache disabled
2024-06-14T00:11:17.827+08:00  INFO 31144 --- [billingservice] [restartedMain] o.s.o.j.p.SpringPersistenceUnitInfo      : No LoadTimeWeaver setup: ignoring JPA class transformer
2024-06-14T00:11:17.828+08:00  INFO 31144 --- [billingservice] [restartedMain] com.zaxxer.hikari.HikariDataSource       : HikariPool-4 - Starting...
2024-06-14T00:11:17.831+08:00  INFO 31144 --- [billingservice] [restartedMain] com.zaxxer.hikari.pool.HikariPool        : HikariPool-4 - Added connection com.mysql.cj.jdbc.ConnectionImpl@2323139f
2024-06-14T00:11:17.832+08:00  INFO 31144 --- [billingservice] [restartedMain] com.zaxxer.hikari.HikariDataSource       : HikariPool-4 - Start completed.
2024-06-14T00:11:17.832+08:00  WARN 31144 --- [billingservice] [restartedMain] org.hibernate.orm.deprecation            : HHH90000025: MySQL8Dialect does not need to be specified explicitly using 'hibernate.dialect' (remove the property setting and it will be selected by default)
2024-06-14T00:11:17.833+08:00  WARN 31144 --- [billingservice] [restartedMain] org.hibernate.orm.deprecation            : HHH90000026: MySQL8Dialect has been deprecated; use org.hibernate.dialect.MySQLDialect instead
2024-06-14T00:11:17.856+08:00  INFO 31144 --- [billingservice] [restartedMain] o.h.e.t.j.p.i.JtaPlatformInitiator       : HHH000489: No JTA platform available (set 'hibernate.transaction.jta.platform' to enable JTA platform integration)
2024-06-14T00:11:17.861+08:00  INFO 31144 --- [billingservice] [restartedMain] j.LocalContainerEntityManagerFactoryBean : Initialized JPA EntityManagerFactory for persistence unit 'default'
2024-06-14T00:11:17.927+08:00  WARN 31144 --- [billingservice] [restartedMain] JpaBaseConfiguration$JpaWebConfiguration : spring.jpa.open-in-view is enabled by default. Therefore, database queries may be performed during view rendering. Explicitly configure spring.jpa.open-in-view to disable this warning
2024-06-14T00:11:17.938+08:00  INFO 31144 --- [billingservice] [restartedMain] o.s.b.a.w.s.WelcomePageHandlerMapping    : Adding welcome page: class path resource [static/index.html]
2024-06-14T00:11:18.142+08:00  INFO 31144 --- [billingservice] [restartedMain] o.s.b.d.a.OptionalLiveReloadServer       : LiveReload server is running on port 35729
2024-06-14T00:11:18.147+08:00  INFO 31144 --- [billingservice] [restartedMain] o.s.b.a.e.web.EndpointLinksResolver      : Exposing 1 endpoint beneath base path '/actuator'
2024-06-14T00:11:18.168+08:00  INFO 31144 --- [billingservice] [restartedMain] o.s.b.w.embedded.tomcat.TomcatWebServer  : Tomcat started on port 8080 (http) with context path '/'
2024-06-14T00:11:18.172+08:00  INFO 31144 --- [billingservice] [restartedMain] c.e.b.BillingserviceApplication          : Started BillingserviceApplication in 0.811 seconds (process running for 143.933)
2024-06-14T00:11:18.176+08:00  INFO 31144 --- [billingservice] [restartedMain] .ConditionEvaluationDeltaLoggingListener : Condition evaluation unchanged
2024-06-14T00:11:38.676+08:00  INFO 31144 --- [billingservice] [http-nio-8080-exec-1] o.a.c.c.C.[Tomcat].[localhost].[/]       : Initializing Spring DispatcherServlet 'dispatcherServlet'
2024-06-14T00:11:38.677+08:00  INFO 31144 --- [billingservice] [http-nio-8080-exec-1] o.s.web.servlet.DispatcherServlet        : Initializing Servlet 'dispatcherServlet'
2024-06-14T00:11:38.677+08:00  INFO 31144 --- [billingservice] [http-nio-8080-exec-1] o.s.web.servlet.DispatcherServlet        : Completed initialization in 0 ms
2024-06-14T00:12:33.991+08:00  INFO 34576 --- [billingservice] [restartedMain] c.e.b.BillingserviceApplication          : Starting BillingserviceApplication using Java 17.0.10 with PID 34576 (C:\Users\ohchi\OneDrive\Desktop\ѧУ\205\billingservice\target\classes started by ohchi in C:\Users\ohchi\OneDrive\Desktop\ѧУ\205\billingservice)
2024-06-14T00:12:33.993+08:00  INFO 34576 --- [billingservice] [restartedMain] c.e.b.BillingserviceApplication          : No active profile set, falling back to 1 default profile: "default"
2024-06-14T00:12:34.035+08:00  INFO 34576 --- [billingservice] [restartedMain] .e.DevToolsPropertyDefaultsPostProcessor : Devtools property defaults active! Set 'spring.devtools.add-properties' to 'false' to disable
2024-06-14T00:12:34.036+08:00  INFO 34576 --- [billingservice] [restartedMain] .e.DevToolsPropertyDefaultsPostProcessor : For additional web related logging consider setting the 'logging.level.web' property to 'DEBUG'
2024-06-14T00:12:35.139+08:00  INFO 34576 --- [billingservice] [restartedMain] .s.d.r.c.RepositoryConfigurationDelegate : Bootstrapping Spring Data JPA repositories in DEFAULT mode.
2024-06-14T00:12:35.209+08:00  INFO 34576 --- [billingservice] [restartedMain] .s.d.r.c.RepositoryConfigurationDelegate : Finished Spring Data repository scanning in 60 ms. Found 1 JPA repository interface.
2024-06-14T00:12:36.070+08:00  INFO 34576 --- [billingservice] [restartedMain] o.s.b.w.embedded.tomcat.TomcatWebServer  : Tomcat initialized with port 8080 (http)
2024-06-14T00:12:36.089+08:00  INFO 34576 --- [billingservice] [restartedMain] o.apache.catalina.core.StandardService   : Starting service [Tomcat]
2024-06-14T00:12:36.090+08:00  INFO 34576 --- [billingservice] [restartedMain] o.apache.catalina.core.StandardEngine    : Starting Servlet engine: [Apache Tomcat/10.1.24]
2024-06-14T00:12:36.162+08:00  INFO 34576 --- [billingservice] [restartedMain] o.a.c.c.C.[Tomcat].[localhost].[/]       : Initializing Spring embedded WebApplicationContext
2024-06-14T00:12:36.163+08:00  INFO 34576 --- [billingservice] [restartedMain] w.s.c.ServletWebServerApplicationContext : Root WebApplicationContext: initialization completed in 2126 ms
2024-06-14T00:12:36.650+08:00  INFO 34576 --- [billingservice] [restartedMain] o.hibernate.jpa.internal.util.LogHelper  : HHH000204: Processing PersistenceUnitInfo [name: default]
2024-06-14T00:12:36.744+08:00  INFO 34576 --- [billingservice] [restartedMain] org.hibernate.Version                    : HHH000412: Hibernate ORM core version 6.5.2.Final
2024-06-14T00:12:36.807+08:00  INFO 34576 --- [billingservice] [restartedMain] o.h.c.internal.RegionFactoryInitiator    : HHH000026: Second-level cache disabled
2024-06-14T00:12:37.291+08:00  INFO 34576 --- [billingservice] [restartedMain] o.s.o.j.p.SpringPersistenceUnitInfo      : No LoadTimeWeaver setup: ignoring JPA class transformer
2024-06-14T00:12:37.333+08:00  INFO 34576 --- [billingservice] [restartedMain] com.zaxxer.hikari.HikariDataSource       : HikariPool-1 - Starting...
2024-06-14T00:12:37.500+08:00  INFO 34576 --- [billingservice] [restartedMain] com.zaxxer.hikari.pool.HikariPool        : HikariPool-1 - Added connection com.mysql.cj.jdbc.ConnectionImpl@5c2dec2
2024-06-14T00:12:37.501+08:00  INFO 34576 --- [billingservice] [restartedMain] com.zaxxer.hikari.HikariDataSource       : HikariPool-1 - Start completed.
2024-06-14T00:12:37.520+08:00  WARN 34576 --- [billingservice] [restartedMain] org.hibernate.orm.deprecation            : HHH90000025: MySQL8Dialect does not need to be specified explicitly using 'hibernate.dialect' (remove the property setting and it will be selected by default)
2024-06-14T00:12:37.521+08:00  WARN 34576 --- [billingservice] [restartedMain] org.hibernate.orm.deprecation            : HHH90000026: MySQL8Dialect has been deprecated; use org.hibernate.dialect.MySQLDialect instead
2024-06-14T00:12:38.188+08:00  INFO 34576 --- [billingservice] [restartedMain] o.h.e.t.j.p.i.JtaPlatformInitiator       : HHH000489: No JTA platform available (set 'hibernate.transaction.jta.platform' to enable JTA platform integration)
2024-06-14T00:12:38.237+08:00  INFO 34576 --- [billingservice] [restartedMain] j.LocalContainerEntityManagerFactoryBean : Initialized JPA EntityManagerFactory for persistence unit 'default'
2024-06-14T00:12:38.840+08:00  WARN 34576 --- [billingservice] [restartedMain] JpaBaseConfiguration$JpaWebConfiguration : spring.jpa.open-in-view is enabled by default. Therefore, database queries may be performed during view rendering. Explicitly configure spring.jpa.open-in-view to disable this warning
2024-06-14T00:12:38.896+08:00  INFO 34576 --- [billingservice] [restartedMain] o.s.b.a.w.s.WelcomePageHandlerMapping    : Adding welcome page: class path resource [static/index.html]
2024-06-14T00:12:40.148+08:00  INFO 34576 --- [billingservice] [restartedMain] o.s.b.d.a.OptionalLiveReloadServer       : LiveReload server is running on port 35729
2024-06-14T00:12:40.164+08:00  INFO 34576 --- [billingservice] [restartedMain] o.s.b.a.e.web.EndpointLinksResolver      : Exposing 1 endpoint beneath base path '/actuator'
2024-06-14T00:12:40.301+08:00  INFO 34576 --- [billingservice] [restartedMain] o.s.b.w.embedded.tomcat.TomcatWebServer  : Tomcat started on port 8080 (http) with context path '/'
2024-06-14T00:12:40.318+08:00  INFO 34576 --- [billingservice] [restartedMain] c.e.b.BillingserviceApplication          : Started BillingserviceApplication in 6.654 seconds (process running for 7.146)
2024-06-14T00:12:40.412+08:00  INFO 34576 --- [billingservice] [http-nio-8080-exec-1] o.a.c.c.C.[Tomcat].[localhost].[/]       : Initializing Spring DispatcherServlet 'dispatcherServlet'
2024-06-14T00:12:40.413+08:00  INFO 34576 --- [billingservice] [http-nio-8080-exec-1] o.s.web.servlet.DispatcherServlet        : Initializing Servlet 'dispatcherServlet'
2024-06-14T00:12:40.414+08:00  INFO 34576 --- [billingservice] [http-nio-8080-exec-1] o.s.web.servlet.DispatcherServlet        : Completed initialization in 1 ms
2024-06-14T00:20:23.082+08:00  INFO 29780 --- [billingservice] [restartedMain] c.e.b.BillingserviceApplication          : Starting BillingserviceApplication using Java 17.0.10 with PID 29780 (C:\Users\ohchi\OneDrive\Desktop\ѧУ\205\billingservice\target\classes started by ohchi in C:\Users\ohchi\OneDrive\Desktop\ѧУ\205\billingservice)
2024-06-14T00:20:23.086+08:00  INFO 29780 --- [billingservice] [restartedMain] c.e.b.BillingserviceApplication          : No active profile set, falling back to 1 default profile: "default"
2024-06-14T00:20:23.146+08:00  INFO 29780 --- [billingservice] [restartedMain] .e.DevToolsPropertyDefaultsPostProcessor : Devtools property defaults active! Set 'spring.devtools.add-properties' to 'false' to disable
2024-06-14T00:20:23.147+08:00  INFO 29780 --- [billingservice] [restartedMain] .e.DevToolsPropertyDefaultsPostProcessor : For additional web related logging consider setting the 'logging.level.web' property to 'DEBUG'
2024-06-14T00:20:24.600+08:00  INFO 29780 --- [billingservice] [restartedMain] .s.d.r.c.RepositoryConfigurationDelegate : Bootstrapping Spring Data JPA repositories in DEFAULT mode.
2024-06-14T00:20:24.676+08:00  INFO 29780 --- [billingservice] [restartedMain] .s.d.r.c.RepositoryConfigurationDelegate : Finished Spring Data repository scanning in 63 ms. Found 1 JPA repository interface.
2024-06-14T00:20:25.946+08:00  INFO 29780 --- [billingservice] [restartedMain] o.s.b.w.embedded.tomcat.TomcatWebServer  : Tomcat initialized with port 8080 (http)
2024-06-14T00:20:25.973+08:00  INFO 29780 --- [billingservice] [restartedMain] o.apache.catalina.core.StandardService   : Starting service [Tomcat]
2024-06-14T00:20:25.974+08:00  INFO 29780 --- [billingservice] [restartedMain] o.apache.catalina.core.StandardEngine    : Starting Servlet engine: [Apache Tomcat/10.1.24]
2024-06-14T00:20:26.088+08:00  INFO 29780 --- [billingservice] [restartedMain] o.a.c.c.C.[Tomcat].[localhost].[/]       : Initializing Spring embedded WebApplicationContext
2024-06-14T00:20:26.089+08:00  INFO 29780 --- [billingservice] [restartedMain] w.s.c.ServletWebServerApplicationContext : Root WebApplicationContext: initialization completed in 2941 ms
2024-06-14T00:20:26.848+08:00  INFO 29780 --- [billingservice] [restartedMain] o.hibernate.jpa.internal.util.LogHelper  : HHH000204: Processing PersistenceUnitInfo [name: default]
2024-06-14T00:20:26.985+08:00  INFO 29780 --- [billingservice] [restartedMain] org.hibernate.Version                    : HHH000412: Hibernate ORM core version 6.5.2.Final
2024-06-14T00:20:27.081+08:00  INFO 29780 --- [billingservice] [restartedMain] o.h.c.internal.RegionFactoryInitiator    : HHH000026: Second-level cache disabled
2024-06-14T00:20:27.756+08:00  INFO 29780 --- [billingservice] [restartedMain] o.s.o.j.p.SpringPersistenceUnitInfo      : No LoadTimeWeaver setup: ignoring JPA class transformer
2024-06-14T00:20:27.817+08:00  INFO 29780 --- [billingservice] [restartedMain] com.zaxxer.hikari.HikariDataSource       : HikariPool-1 - Starting...
2024-06-14T00:20:28.030+08:00  INFO 29780 --- [billingservice] [restartedMain] com.zaxxer.hikari.pool.HikariPool        : HikariPool-1 - Added connection com.mysql.cj.jdbc.ConnectionImpl@77eeb2fc
2024-06-14T00:20:28.033+08:00  INFO 29780 --- [billingservice] [restartedMain] com.zaxxer.hikari.HikariDataSource       : HikariPool-1 - Start completed.
2024-06-14T00:20:28.074+08:00  WARN 29780 --- [billingservice] [restartedMain] org.hibernate.orm.deprecation            : HHH90000025: MySQL8Dialect does not need to be specified explicitly using 'hibernate.dialect' (remove the property setting and it will be selected by default)
2024-06-14T00:20:28.076+08:00  WARN 29780 --- [billingservice] [restartedMain] org.hibernate.orm.deprecation            : HHH90000026: MySQL8Dialect has been deprecated; use org.hibernate.dialect.MySQLDialect instead
2024-06-14T00:20:28.983+08:00  INFO 29780 --- [billingservice] [restartedMain] o.h.e.t.j.p.i.JtaPlatformInitiator       : HHH000489: No JTA platform available (set 'hibernate.transaction.jta.platform' to enable JTA platform integration)
2024-06-14T00:20:29.066+08:00  INFO 29780 --- [billingservice] [restartedMain] j.LocalContainerEntityManagerFactoryBean : Initialized JPA EntityManagerFactory for persistence unit 'default'
2024-06-14T00:20:29.706+08:00  WARN 29780 --- [billingservice] [restartedMain] JpaBaseConfiguration$JpaWebConfiguration : spring.jpa.open-in-view is enabled by default. Therefore, database queries may be performed during view rendering. Explicitly configure spring.jpa.open-in-view to disable this warning
2024-06-14T00:20:29.824+08:00  INFO 29780 --- [billingservice] [restartedMain] o.s.b.a.w.s.WelcomePageHandlerMapping    : Adding welcome page: class path resource [static/index.html]
2024-06-14T00:20:31.511+08:00  INFO 29780 --- [billingservice] [restartedMain] o.s.b.d.a.OptionalLiveReloadServer       : LiveReload server is running on port 35729
2024-06-14T00:20:31.526+08:00  INFO 29780 --- [billingservice] [restartedMain] o.s.b.a.e.web.EndpointLinksResolver      : Exposing 1 endpoint beneath base path '/actuator'
2024-06-14T00:20:31.667+08:00  INFO 29780 --- [billingservice] [restartedMain] o.s.b.w.embedded.tomcat.TomcatWebServer  : Tomcat started on port 8080 (http) with context path '/'
2024-06-14T00:20:31.685+08:00  INFO 29780 --- [billingservice] [restartedMain] c.e.b.BillingserviceApplication          : Started BillingserviceApplication in 9.014 seconds (process running for 9.686)
2024-06-14T00:20:31.788+08:00  INFO 29780 --- [billingservice] [RMI TCP Connection(2)-127.0.0.1] o.a.c.c.C.[Tomcat].[localhost].[/]       : Initializing Spring DispatcherServlet 'dispatcherServlet'
2024-06-14T00:20:31.790+08:00  INFO 29780 --- [billingservice] [RMI TCP Connection(2)-127.0.0.1] o.s.web.servlet.DispatcherServlet        : Initializing Servlet 'dispatcherServlet'
2024-06-14T00:20:31.792+08:00  INFO 29780 --- [billingservice] [RMI TCP Connection(2)-127.0.0.1] o.s.web.servlet.DispatcherServlet        : Completed initialization in 1 ms
2024-06-14T00:22:39.207+08:00  INFO 29780 --- [billingservice] [File Watcher] rtingClassPathChangeChangedEventListener : Restarting due to 1 class path change (0 additions, 0 deletions, 1 modification)
2024-06-14T00:22:39.223+08:00  INFO 29780 --- [billingservice] [Thread-5] j.LocalContainerEntityManagerFactoryBean : Closing JPA EntityManagerFactory for persistence unit 'default'
2024-06-14T00:22:39.226+08:00  INFO 29780 --- [billingservice] [Thread-5] com.zaxxer.hikari.HikariDataSource       : HikariPool-1 - Shutdown initiated...
2024-06-14T00:22:39.237+08:00  INFO 29780 --- [billingservice] [Thread-5] com.zaxxer.hikari.HikariDataSource       : HikariPool-1 - Shutdown completed.
2024-06-14T00:22:39.298+08:00  INFO 29780 --- [billingservice] [restartedMain] c.e.b.BillingserviceApplication          : Starting BillingserviceApplication using Java 17.0.10 with PID 29780 (C:\Users\ohchi\OneDrive\Desktop\ѧУ\205\billingservice\target\classes started by ohchi in C:\Users\ohchi\OneDrive\Desktop\ѧУ\205\billingservice)
2024-06-14T00:22:39.298+08:00  INFO 29780 --- [billingservice] [restartedMain] c.e.b.BillingserviceApplication          : No active profile set, falling back to 1 default profile: "default"
2024-06-14T00:22:39.537+08:00  INFO 29780 --- [billingservice] [restartedMain] .s.d.r.c.RepositoryConfigurationDelegate : Bootstrapping Spring Data JPA repositories in DEFAULT mode.
2024-06-14T00:22:39.547+08:00  INFO 29780 --- [billingservice] [restartedMain] .s.d.r.c.RepositoryConfigurationDelegate : Finished Spring Data repository scanning in 9 ms. Found 1 JPA repository interface.
2024-06-14T00:22:39.729+08:00  INFO 29780 --- [billingservice] [restartedMain] o.s.b.w.embedded.tomcat.TomcatWebServer  : Tomcat initialized with port 8080 (http)
2024-06-14T00:22:39.730+08:00  INFO 29780 --- [billingservice] [restartedMain] o.apache.catalina.core.StandardService   : Starting service [Tomcat]
2024-06-14T00:22:39.731+08:00  INFO 29780 --- [billingservice] [restartedMain] o.apache.catalina.core.StandardEngine    : Starting Servlet engine: [Apache Tomcat/10.1.24]
2024-06-14T00:22:39.751+08:00  INFO 29780 --- [billingservice] [restartedMain] o.a.c.c.C.[Tomcat].[localhost].[/]       : Initializing Spring embedded WebApplicationContext
2024-06-14T00:22:39.756+08:00  INFO 29780 --- [billingservice] [restartedMain] w.s.c.ServletWebServerApplicationContext : Root WebApplicationContext: initialization completed in 455 ms
2024-06-14T00:22:39.882+08:00  INFO 29780 --- [billingservice] [restartedMain] o.hibernate.jpa.internal.util.LogHelper  : HHH000204: Processing PersistenceUnitInfo [name: default]
2024-06-14T00:22:39.884+08:00  INFO 29780 --- [billingservice] [restartedMain] o.h.c.internal.RegionFactoryInitiator    : HHH000026: Second-level cache disabled
2024-06-14T00:22:39.894+08:00  INFO 29780 --- [billingservice] [restartedMain] o.s.o.j.p.SpringPersistenceUnitInfo      : No LoadTimeWeaver setup: ignoring JPA class transformer
2024-06-14T00:22:39.895+08:00  INFO 29780 --- [billingservice] [restartedMain] com.zaxxer.hikari.HikariDataSource       : HikariPool-2 - Starting...
2024-06-14T00:22:39.900+08:00  INFO 29780 --- [billingservice] [restartedMain] com.zaxxer.hikari.pool.HikariPool        : HikariPool-2 - Added connection com.mysql.cj.jdbc.ConnectionImpl@4a912796
2024-06-14T00:22:39.901+08:00  INFO 29780 --- [billingservice] [restartedMain] com.zaxxer.hikari.HikariDataSource       : HikariPool-2 - Start completed.
2024-06-14T00:22:39.902+08:00  WARN 29780 --- [billingservice] [restartedMain] org.hibernate.orm.deprecation            : HHH90000025: MySQL8Dialect does not need to be specified explicitly using 'hibernate.dialect' (remove the property setting and it will be selected by default)
2024-06-14T00:22:39.903+08:00  WARN 29780 --- [billingservice] [restartedMain] org.hibernate.orm.deprecation            : HHH90000026: MySQL8Dialect has been deprecated; use org.hibernate.dialect.MySQLDialect instead
2024-06-14T00:22:39.947+08:00  INFO 29780 --- [billingservice] [restartedMain] o.h.e.t.j.p.i.JtaPlatformInitiator       : HHH000489: No JTA platform available (set 'hibernate.transaction.jta.platform' to enable JTA platform integration)
2024-06-14T00:22:39.954+08:00  INFO 29780 --- [billingservice] [restartedMain] j.LocalContainerEntityManagerFactoryBean : Initialized JPA EntityManagerFactory for persistence unit 'default'
2024-06-14T00:22:40.100+08:00  WARN 29780 --- [billingservice] [restartedMain] JpaBaseConfiguration$JpaWebConfiguration : spring.jpa.open-in-view is enabled by default. Therefore, database queries may be performed during view rendering. Explicitly configure spring.jpa.open-in-view to disable this warning
2024-06-14T00:22:40.128+08:00  INFO 29780 --- [billingservice] [restartedMain] o.s.b.a.w.s.WelcomePageHandlerMapping    : Adding welcome page: class path resource [static/index.html]
2024-06-14T00:22:40.465+08:00  INFO 29780 --- [billingservice] [restartedMain] o.s.b.d.a.OptionalLiveReloadServer       : LiveReload server is running on port 35729
2024-06-14T00:22:40.470+08:00  INFO 29780 --- [billingservice] [restartedMain] o.s.b.a.e.web.EndpointLinksResolver      : Exposing 1 endpoint beneath base path '/actuator'
2024-06-14T00:22:40.493+08:00  INFO 29780 --- [billingservice] [restartedMain] o.s.b.w.embedded.tomcat.TomcatWebServer  : Tomcat started on port 8080 (http) with context path '/'
2024-06-14T00:22:40.503+08:00  INFO 29780 --- [billingservice] [restartedMain] c.e.b.BillingserviceApplication          : Started BillingserviceApplication in 1.223 seconds (process running for 138.505)
2024-06-14T00:22:40.508+08:00  INFO 29780 --- [billingservice] [restartedMain] .ConditionEvaluationDeltaLoggingListener : Condition evaluation unchanged
2024-06-14T00:23:15.279+08:00  INFO 29780 --- [billingservice] [http-nio-8080-exec-1] o.a.c.c.C.[Tomcat].[localhost].[/]       : Initializing Spring DispatcherServlet 'dispatcherServlet'
2024-06-14T00:23:15.280+08:00  INFO 29780 --- [billingservice] [http-nio-8080-exec-1] o.s.web.servlet.DispatcherServlet        : Initializing Servlet 'dispatcherServlet'
2024-06-14T00:23:15.281+08:00  INFO 29780 --- [billingservice] [http-nio-8080-exec-1] o.s.web.servlet.DispatcherServlet        : Completed initialization in 1 ms
2024-06-14T00:23:39.707+08:00 ERROR 29780 --- [billingservice] [http-nio-8080-exec-3] org.thymeleaf.TemplateEngine             : [THYMELEAF][http-nio-8080-exec-3] Exception processing template "success": Error resolving template [success], template might not exist or might not be accessible by any of the configured Template Resolvers

org.thymeleaf.exceptions.TemplateInputException: Error resolving template [success], template might not exist or might not be accessible by any of the configured Template Resolvers
	at org.thymeleaf.engine.TemplateManager.resolveTemplate(TemplateManager.java:869) ~[thymeleaf-3.1.2.RELEASE.jar:3.1.2.RELEASE]
	at org.thymeleaf.engine.TemplateManager.parseAndProcess(TemplateManager.java:607) ~[thymeleaf-3.1.2.RELEASE.jar:3.1.2.RELEASE]
	at org.thymeleaf.TemplateEngine.process(TemplateEngine.java:1103) ~[thymeleaf-3.1.2.RELEASE.jar:3.1.2.RELEASE]
	at org.thymeleaf.TemplateEngine.process(TemplateEngine.java:1077) ~[thymeleaf-3.1.2.RELEASE.jar:3.1.2.RELEASE]
	at org.thymeleaf.spring6.view.ThymeleafView.renderFragment(ThymeleafView.java:372) ~[thymeleaf-spring6-3.1.2.RELEASE.jar:3.1.2.RELEASE]
	at org.thymeleaf.spring6.view.ThymeleafView.render(ThymeleafView.java:192) ~[thymeleaf-spring6-3.1.2.RELEASE.jar:3.1.2.RELEASE]
	at org.springframework.web.servlet.DispatcherServlet.render(DispatcherServlet.java:1431) ~[spring-webmvc-6.1.8.jar:6.1.8]
	at org.springframework.web.servlet.DispatcherServlet.processDispatchResult(DispatcherServlet.java:1167) ~[spring-webmvc-6.1.8.jar:6.1.8]
	at org.springframework.web.servlet.DispatcherServlet.doDispatch(DispatcherServlet.java:1106) ~[spring-webmvc-6.1.8.jar:6.1.8]
	at org.springframework.web.servlet.DispatcherServlet.doService(DispatcherServlet.java:979) ~[spring-webmvc-6.1.8.jar:6.1.8]
	at org.springframework.web.servlet.FrameworkServlet.processRequest(FrameworkServlet.java:1014) ~[spring-webmvc-6.1.8.jar:6.1.8]
	at org.springframework.web.servlet.FrameworkServlet.doPost(FrameworkServlet.java:914) ~[spring-webmvc-6.1.8.jar:6.1.8]
	at jakarta.servlet.http.HttpServlet.service(HttpServlet.java:590) ~[tomcat-embed-core-10.1.24.jar:6.0]
	at org.springframework.web.servlet.FrameworkServlet.service(FrameworkServlet.java:885) ~[spring-webmvc-6.1.8.jar:6.1.8]
	at jakarta.servlet.http.HttpServlet.service(HttpServlet.java:658) ~[tomcat-embed-core-10.1.24.jar:6.0]
	at org.apache.catalina.core.ApplicationFilterChain.internalDoFilter(ApplicationFilterChain.java:195) ~[tomcat-embed-core-10.1.24.jar:10.1.24]
	at org.apache.catalina.core.ApplicationFilterChain.doFilter(ApplicationFilterChain.java:140) ~[tomcat-embed-core-10.1.24.jar:10.1.24]
	at org.apache.tomcat.websocket.server.WsFilter.doFilter(WsFilter.java:51) ~[tomcat-embed-websocket-10.1.24.jar:10.1.24]
	at org.apache.catalina.core.ApplicationFilterChain.internalDoFilter(ApplicationFilterChain.java:164) ~[tomcat-embed-core-10.1.24.jar:10.1.24]
	at org.apache.catalina.core.ApplicationFilterChain.doFilter(ApplicationFilterChain.java:140) ~[tomcat-embed-core-10.1.24.jar:10.1.24]
	at org.springframework.web.filter.RequestContextFilter.doFilterInternal(RequestContextFilter.java:100) ~[spring-web-6.1.8.jar:6.1.8]
	at org.springframework.web.filter.OncePerRequestFilter.doFilter(OncePerRequestFilter.java:116) ~[spring-web-6.1.8.jar:6.1.8]
	at org.apache.catalina.core.ApplicationFilterChain.internalDoFilter(ApplicationFilterChain.java:164) ~[tomcat-embed-core-10.1.24.jar:10.1.24]
	at org.apache.catalina.core.ApplicationFilterChain.doFilter(ApplicationFilterChain.java:140) ~[tomcat-embed-core-10.1.24.jar:10.1.24]
	at org.springframework.web.filter.FormContentFilter.doFilterInternal(FormContentFilter.java:93) ~[spring-web-6.1.8.jar:6.1.8]
	at org.springframework.web.filter.OncePerRequestFilter.doFilter(OncePerRequestFilter.java:116) ~[spring-web-6.1.8.jar:6.1.8]
	at org.apache.catalina.core.ApplicationFilterChain.internalDoFilter(ApplicationFilterChain.java:164) ~[tomcat-embed-core-10.1.24.jar:10.1.24]
	at org.apache.catalina.core.ApplicationFilterChain.doFilter(ApplicationFilterChain.java:140) ~[tomcat-embed-core-10.1.24.jar:10.1.24]
	at org.springframework.web.filter.ServerHttpObservationFilter.doFilterInternal(ServerHttpObservationFilter.java:109) ~[spring-web-6.1.8.jar:6.1.8]
	at org.springframework.web.filter.OncePerRequestFilter.doFilter(OncePerRequestFilter.java:116) ~[spring-web-6.1.8.jar:6.1.8]
	at org.apache.catalina.core.ApplicationFilterChain.internalDoFilter(ApplicationFilterChain.java:164) ~[tomcat-embed-core-10.1.24.jar:10.1.24]
	at org.apache.catalina.core.ApplicationFilterChain.doFilter(ApplicationFilterChain.java:140) ~[tomcat-embed-core-10.1.24.jar:10.1.24]
	at org.springframework.web.filter.CharacterEncodingFilter.doFilterInternal(CharacterEncodingFilter.java:201) ~[spring-web-6.1.8.jar:6.1.8]
	at org.springframework.web.filter.OncePerRequestFilter.doFilter(OncePerRequestFilter.java:116) ~[spring-web-6.1.8.jar:6.1.8]
	at org.apache.catalina.core.ApplicationFilterChain.internalDoFilter(ApplicationFilterChain.java:164) ~[tomcat-embed-core-10.1.24.jar:10.1.24]
	at org.apache.catalina.core.ApplicationFilterChain.doFilter(ApplicationFilterChain.java:140) ~[tomcat-embed-core-10.1.24.jar:10.1.24]
	at org.apache.catalina.core.StandardWrapperValve.invoke(StandardWrapperValve.java:167) ~[tomcat-embed-core-10.1.24.jar:10.1.24]
	at org.apache.catalina.core.StandardContextValve.invoke(StandardContextValve.java:90) ~[tomcat-embed-core-10.1.24.jar:10.1.24]
	at org.apache.catalina.authenticator.AuthenticatorBase.invoke(AuthenticatorBase.java:482) ~[tomcat-embed-core-10.1.24.jar:10.1.24]
	at org.apache.catalina.core.StandardHostValve.invoke(StandardHostValve.java:115) ~[tomcat-embed-core-10.1.24.jar:10.1.24]
	at org.apache.catalina.valves.ErrorReportValve.invoke(ErrorReportValve.java:93) ~[tomcat-embed-core-10.1.24.jar:10.1.24]
	at org.apache.catalina.core.StandardEngineValve.invoke(StandardEngineValve.java:74) ~[tomcat-embed-core-10.1.24.jar:10.1.24]
	at org.apache.catalina.connector.CoyoteAdapter.service(CoyoteAdapter.java:344) ~[tomcat-embed-core-10.1.24.jar:10.1.24]
	at org.apache.coyote.http11.Http11Processor.service(Http11Processor.java:389) ~[tomcat-embed-core-10.1.24.jar:10.1.24]
	at org.apache.coyote.AbstractProcessorLight.process(AbstractProcessorLight.java:63) ~[tomcat-embed-core-10.1.24.jar:10.1.24]
	at org.apache.coyote.AbstractProtocol$ConnectionHandler.process(AbstractProtocol.java:896) ~[tomcat-embed-core-10.1.24.jar:10.1.24]
	at org.apache.tomcat.util.net.NioEndpoint$SocketProcessor.doRun(NioEndpoint.java:1741) ~[tomcat-embed-core-10.1.24.jar:10.1.24]
	at org.apache.tomcat.util.net.SocketProcessorBase.run(SocketProcessorBase.java:52) ~[tomcat-embed-core-10.1.24.jar:10.1.24]
	at org.apache.tomcat.util.threads.ThreadPoolExecutor.runWorker(ThreadPoolExecutor.java:1190) ~[tomcat-embed-core-10.1.24.jar:10.1.24]
	at org.apache.tomcat.util.threads.ThreadPoolExecutor$Worker.run(ThreadPoolExecutor.java:659) ~[tomcat-embed-core-10.1.24.jar:10.1.24]
	at org.apache.tomcat.util.threads.TaskThread$WrappingRunnable.run(TaskThread.java:63) ~[tomcat-embed-core-10.1.24.jar:10.1.24]
	at java.base/java.lang.Thread.run(Thread.java:842) ~[na:na]

2024-06-14T00:23:39.724+08:00 ERROR 29780 --- [billingservice] [http-nio-8080-exec-3] o.a.c.c.C.[.[.[/].[dispatcherServlet]    : Servlet.service() for servlet [dispatcherServlet] in context with path [] threw exception [Request processing failed: org.thymeleaf.exceptions.TemplateInputException: Error resolving template [success], template might not exist or might not be accessible by any of the configured Template Resolvers] with root cause

org.thymeleaf.exceptions.TemplateInputException: Error resolving template [success], template might not exist or might not be accessible by any of the configured Template Resolvers
	at org.thymeleaf.engine.TemplateManager.resolveTemplate(TemplateManager.java:869) ~[thymeleaf-3.1.2.RELEASE.jar:3.1.2.RELEASE]
	at org.thymeleaf.engine.TemplateManager.parseAndProcess(TemplateManager.java:607) ~[thymeleaf-3.1.2.RELEASE.jar:3.1.2.RELEASE]
	at org.thymeleaf.TemplateEngine.process(TemplateEngine.java:1103) ~[thymeleaf-3.1.2.RELEASE.jar:3.1.2.RELEASE]
	at org.thymeleaf.TemplateEngine.process(TemplateEngine.java:1077) ~[thymeleaf-3.1.2.RELEASE.jar:3.1.2.RELEASE]
	at org.thymeleaf.spring6.view.ThymeleafView.renderFragment(ThymeleafView.java:372) ~[thymeleaf-spring6-3.1.2.RELEASE.jar:3.1.2.RELEASE]
	at org.thymeleaf.spring6.view.ThymeleafView.render(ThymeleafView.java:192) ~[thymeleaf-spring6-3.1.2.RELEASE.jar:3.1.2.RELEASE]
	at org.springframework.web.servlet.DispatcherServlet.render(DispatcherServlet.java:1431) ~[spring-webmvc-6.1.8.jar:6.1.8]
	at org.springframework.web.servlet.DispatcherServlet.processDispatchResult(DispatcherServlet.java:1167) ~[spring-webmvc-6.1.8.jar:6.1.8]
	at org.springframework.web.servlet.DispatcherServlet.doDispatch(DispatcherServlet.java:1106) ~[spring-webmvc-6.1.8.jar:6.1.8]
	at org.springframework.web.servlet.DispatcherServlet.doService(DispatcherServlet.java:979) ~[spring-webmvc-6.1.8.jar:6.1.8]
	at org.springframework.web.servlet.FrameworkServlet.processRequest(FrameworkServlet.java:1014) ~[spring-webmvc-6.1.8.jar:6.1.8]
	at org.springframework.web.servlet.FrameworkServlet.doPost(FrameworkServlet.java:914) ~[spring-webmvc-6.1.8.jar:6.1.8]
	at jakarta.servlet.http.HttpServlet.service(HttpServlet.java:590) ~[tomcat-embed-core-10.1.24.jar:6.0]
	at org.springframework.web.servlet.FrameworkServlet.service(FrameworkServlet.java:885) ~[spring-webmvc-6.1.8.jar:6.1.8]
	at jakarta.servlet.http.HttpServlet.service(HttpServlet.java:658) ~[tomcat-embed-core-10.1.24.jar:6.0]
	at org.apache.catalina.core.ApplicationFilterChain.internalDoFilter(ApplicationFilterChain.java:195) ~[tomcat-embed-core-10.1.24.jar:10.1.24]
	at org.apache.catalina.core.ApplicationFilterChain.doFilter(ApplicationFilterChain.java:140) ~[tomcat-embed-core-10.1.24.jar:10.1.24]
	at org.apache.tomcat.websocket.server.WsFilter.doFilter(WsFilter.java:51) ~[tomcat-embed-websocket-10.1.24.jar:10.1.24]
	at org.apache.catalina.core.ApplicationFilterChain.internalDoFilter(ApplicationFilterChain.java:164) ~[tomcat-embed-core-10.1.24.jar:10.1.24]
	at org.apache.catalina.core.ApplicationFilterChain.doFilter(ApplicationFilterChain.java:140) ~[tomcat-embed-core-10.1.24.jar:10.1.24]
	at org.springframework.web.filter.RequestContextFilter.doFilterInternal(RequestContextFilter.java:100) ~[spring-web-6.1.8.jar:6.1.8]
	at org.springframework.web.filter.OncePerRequestFilter.doFilter(OncePerRequestFilter.java:116) ~[spring-web-6.1.8.jar:6.1.8]
	at org.apache.catalina.core.ApplicationFilterChain.internalDoFilter(ApplicationFilterChain.java:164) ~[tomcat-embed-core-10.1.24.jar:10.1.24]
	at org.apache.catalina.core.ApplicationFilterChain.doFilter(ApplicationFilterChain.java:140) ~[tomcat-embed-core-10.1.24.jar:10.1.24]
	at org.springframework.web.filter.FormContentFilter.doFilterInternal(FormContentFilter.java:93) ~[spring-web-6.1.8.jar:6.1.8]
	at org.springframework.web.filter.OncePerRequestFilter.doFilter(OncePerRequestFilter.java:116) ~[spring-web-6.1.8.jar:6.1.8]
	at org.apache.catalina.core.ApplicationFilterChain.internalDoFilter(ApplicationFilterChain.java:164) ~[tomcat-embed-core-10.1.24.jar:10.1.24]
	at org.apache.catalina.core.ApplicationFilterChain.doFilter(ApplicationFilterChain.java:140) ~[tomcat-embed-core-10.1.24.jar:10.1.24]
	at org.springframework.web.filter.ServerHttpObservationFilter.doFilterInternal(ServerHttpObservationFilter.java:109) ~[spring-web-6.1.8.jar:6.1.8]
	at org.springframework.web.filter.OncePerRequestFilter.doFilter(OncePerRequestFilter.java:116) ~[spring-web-6.1.8.jar:6.1.8]
	at org.apache.catalina.core.ApplicationFilterChain.internalDoFilter(ApplicationFilterChain.java:164) ~[tomcat-embed-core-10.1.24.jar:10.1.24]
	at org.apache.catalina.core.ApplicationFilterChain.doFilter(ApplicationFilterChain.java:140) ~[tomcat-embed-core-10.1.24.jar:10.1.24]
	at org.springframework.web.filter.CharacterEncodingFilter.doFilterInternal(CharacterEncodingFilter.java:201) ~[spring-web-6.1.8.jar:6.1.8]
	at org.springframework.web.filter.OncePerRequestFilter.doFilter(OncePerRequestFilter.java:116) ~[spring-web-6.1.8.jar:6.1.8]
	at org.apache.catalina.core.ApplicationFilterChain.internalDoFilter(ApplicationFilterChain.java:164) ~[tomcat-embed-core-10.1.24.jar:10.1.24]
	at org.apache.catalina.core.ApplicationFilterChain.doFilter(ApplicationFilterChain.java:140) ~[tomcat-embed-core-10.1.24.jar:10.1.24]
	at org.apache.catalina.core.StandardWrapperValve.invoke(StandardWrapperValve.java:167) ~[tomcat-embed-core-10.1.24.jar:10.1.24]
	at org.apache.catalina.core.StandardContextValve.invoke(StandardContextValve.java:90) ~[tomcat-embed-core-10.1.24.jar:10.1.24]
	at org.apache.catalina.authenticator.AuthenticatorBase.invoke(AuthenticatorBase.java:482) ~[tomcat-embed-core-10.1.24.jar:10.1.24]
	at org.apache.catalina.core.StandardHostValve.invoke(StandardHostValve.java:115) ~[tomcat-embed-core-10.1.24.jar:10.1.24]
	at org.apache.catalina.valves.ErrorReportValve.invoke(ErrorReportValve.java:93) ~[tomcat-embed-core-10.1.24.jar:10.1.24]
	at org.apache.catalina.core.StandardEngineValve.invoke(StandardEngineValve.java:74) ~[tomcat-embed-core-10.1.24.jar:10.1.24]
	at org.apache.catalina.connector.CoyoteAdapter.service(CoyoteAdapter.java:344) ~[tomcat-embed-core-10.1.24.jar:10.1.24]
	at org.apache.coyote.http11.Http11Processor.service(Http11Processor.java:389) ~[tomcat-embed-core-10.1.24.jar:10.1.24]
	at org.apache.coyote.AbstractProcessorLight.process(AbstractProcessorLight.java:63) ~[tomcat-embed-core-10.1.24.jar:10.1.24]
	at org.apache.coyote.AbstractProtocol$ConnectionHandler.process(AbstractProtocol.java:896) ~[tomcat-embed-core-10.1.24.jar:10.1.24]
	at org.apache.tomcat.util.net.NioEndpoint$SocketProcessor.doRun(NioEndpoint.java:1741) ~[tomcat-embed-core-10.1.24.jar:10.1.24]
	at org.apache.tomcat.util.net.SocketProcessorBase.run(SocketProcessorBase.java:52) ~[tomcat-embed-core-10.1.24.jar:10.1.24]
	at org.apache.tomcat.util.threads.ThreadPoolExecutor.runWorker(ThreadPoolExecutor.java:1190) ~[tomcat-embed-core-10.1.24.jar:10.1.24]
	at org.apache.tomcat.util.threads.ThreadPoolExecutor$Worker.run(ThreadPoolExecutor.java:659) ~[tomcat-embed-core-10.1.24.jar:10.1.24]
	at org.apache.tomcat.util.threads.TaskThread$WrappingRunnable.run(TaskThread.java:63) ~[tomcat-embed-core-10.1.24.jar:10.1.24]
	at java.base/java.lang.Thread.run(Thread.java:842) ~[na:na]

2024-06-14T00:25:16.755+08:00  INFO 29780 --- [billingservice] [File Watcher] rtingClassPathChangeChangedEventListener : Restarting due to 1 class path change (0 additions, 0 deletions, 1 modification)
2024-06-14T00:25:16.766+08:00  INFO 29780 --- [billingservice] [Thread-7] j.LocalContainerEntityManagerFactoryBean : Closing JPA EntityManagerFactory for persistence unit 'default'
2024-06-14T00:25:16.767+08:00  INFO 29780 --- [billingservice] [Thread-7] com.zaxxer.hikari.HikariDataSource       : HikariPool-2 - Shutdown initiated...
2024-06-14T00:25:16.769+08:00  INFO 29780 --- [billingservice] [Thread-7] com.zaxxer.hikari.HikariDataSource       : HikariPool-2 - Shutdown completed.
2024-06-14T00:25:16.841+08:00  INFO 29780 --- [billingservice] [restartedMain] c.e.b.BillingserviceApplication          : Starting BillingserviceApplication using Java 17.0.10 with PID 29780 (C:\Users\ohchi\OneDrive\Desktop\ѧУ\205\billingservice\target\classes started by ohchi in C:\Users\ohchi\OneDrive\Desktop\ѧУ\205\billingservice)
2024-06-14T00:25:16.842+08:00  INFO 29780 --- [billingservice] [restartedMain] c.e.b.BillingserviceApplication          : No active profile set, falling back to 1 default profile: "default"
2024-06-14T00:25:17.118+08:00  INFO 29780 --- [billingservice] [restartedMain] .s.d.r.c.RepositoryConfigurationDelegate : Bootstrapping Spring Data JPA repositories in DEFAULT mode.
2024-06-14T00:25:17.130+08:00  INFO 29780 --- [billingservice] [restartedMain] .s.d.r.c.RepositoryConfigurationDelegate : Finished Spring Data repository scanning in 11 ms. Found 1 JPA repository interface.
2024-06-14T00:25:17.289+08:00  INFO 29780 --- [billingservice] [restartedMain] o.s.b.w.embedded.tomcat.TomcatWebServer  : Tomcat initialized with port 8080 (http)
2024-06-14T00:25:17.291+08:00  INFO 29780 --- [billingservice] [restartedMain] o.apache.catalina.core.StandardService   : Starting service [Tomcat]
2024-06-14T00:25:17.291+08:00  INFO 29780 --- [billingservice] [restartedMain] o.apache.catalina.core.StandardEngine    : Starting Servlet engine: [Apache Tomcat/10.1.24]
2024-06-14T00:25:17.317+08:00  INFO 29780 --- [billingservice] [restartedMain] o.a.c.c.C.[Tomcat].[localhost].[/]       : Initializing Spring embedded WebApplicationContext
2024-06-14T00:25:17.318+08:00  INFO 29780 --- [billingservice] [restartedMain] w.s.c.ServletWebServerApplicationContext : Root WebApplicationContext: initialization completed in 475 ms
2024-06-14T00:25:17.454+08:00  INFO 29780 --- [billingservice] [restartedMain] o.hibernate.jpa.internal.util.LogHelper  : HHH000204: Processing PersistenceUnitInfo [name: default]
2024-06-14T00:25:17.458+08:00  INFO 29780 --- [billingservice] [restartedMain] o.h.c.internal.RegionFactoryInitiator    : HHH000026: Second-level cache disabled
2024-06-14T00:25:17.464+08:00  INFO 29780 --- [billingservice] [restartedMain] o.s.o.j.p.SpringPersistenceUnitInfo      : No LoadTimeWeaver setup: ignoring JPA class transformer
2024-06-14T00:25:17.465+08:00  INFO 29780 --- [billingservice] [restartedMain] com.zaxxer.hikari.HikariDataSource       : HikariPool-3 - Starting...
2024-06-14T00:25:17.469+08:00  INFO 29780 --- [billingservice] [restartedMain] com.zaxxer.hikari.pool.HikariPool        : HikariPool-3 - Added connection com.mysql.cj.jdbc.ConnectionImpl@5b626164
2024-06-14T00:25:17.470+08:00  INFO 29780 --- [billingservice] [restartedMain] com.zaxxer.hikari.HikariDataSource       : HikariPool-3 - Start completed.
2024-06-14T00:25:17.471+08:00  WARN 29780 --- [billingservice] [restartedMain] org.hibernate.orm.deprecation            : HHH90000025: MySQL8Dialect does not need to be specified explicitly using 'hibernate.dialect' (remove the property setting and it will be selected by default)
2024-06-14T00:25:17.473+08:00  WARN 29780 --- [billingservice] [restartedMain] org.hibernate.orm.deprecation            : HHH90000026: MySQL8Dialect has been deprecated; use org.hibernate.dialect.MySQLDialect instead
2024-06-14T00:25:17.504+08:00  INFO 29780 --- [billingservice] [restartedMain] o.h.e.t.j.p.i.JtaPlatformInitiator       : HHH000489: No JTA platform available (set 'hibernate.transaction.jta.platform' to enable JTA platform integration)
2024-06-14T00:25:17.511+08:00  INFO 29780 --- [billingservice] [restartedMain] j.LocalContainerEntityManagerFactoryBean : Initialized JPA EntityManagerFactory for persistence unit 'default'
2024-06-14T00:25:17.601+08:00  WARN 29780 --- [billingservice] [restartedMain] JpaBaseConfiguration$JpaWebConfiguration : spring.jpa.open-in-view is enabled by default. Therefore, database queries may be performed during view rendering. Explicitly configure spring.jpa.open-in-view to disable this warning
2024-06-14T00:25:17.617+08:00  INFO 29780 --- [billingservice] [restartedMain] o.s.b.a.w.s.WelcomePageHandlerMapping    : Adding welcome page: class path resource [static/index.html]
2024-06-14T00:25:17.868+08:00  INFO 29780 --- [billingservice] [restartedMain] o.s.b.d.a.OptionalLiveReloadServer       : LiveReload server is running on port 35729
2024-06-14T00:25:17.873+08:00  INFO 29780 --- [billingservice] [restartedMain] o.s.b.a.e.web.EndpointLinksResolver      : Exposing 1 endpoint beneath base path '/actuator'
2024-06-14T00:25:17.892+08:00  INFO 29780 --- [billingservice] [restartedMain] o.s.b.w.embedded.tomcat.TomcatWebServer  : Tomcat started on port 8080 (http) with context path '/'
2024-06-14T00:25:17.898+08:00  INFO 29780 --- [billingservice] [restartedMain] c.e.b.BillingserviceApplication          : Started BillingserviceApplication in 1.078 seconds (process running for 295.899)
2024-06-14T00:25:17.901+08:00  INFO 29780 --- [billingservice] [restartedMain] .ConditionEvaluationDeltaLoggingListener : Condition evaluation unchanged
2024-06-14T00:25:20.166+08:00  INFO 29780 --- [billingservice] [http-nio-8080-exec-1] o.a.c.c.C.[Tomcat].[localhost].[/]       : Initializing Spring DispatcherServlet 'dispatcherServlet'
2024-06-14T00:25:20.166+08:00  INFO 29780 --- [billingservice] [http-nio-8080-exec-1] o.s.web.servlet.DispatcherServlet        : Initializing Servlet 'dispatcherServlet'
2024-06-14T00:25:20.168+08:00  INFO 29780 --- [billingservice] [http-nio-8080-exec-1] o.s.web.servlet.DispatcherServlet        : Completed initialization in 0 ms
2024-06-14T00:35:08.987+08:00  INFO 2636 --- [billingservice] [restartedMain] c.e.b.BillingserviceApplication          : Starting BillingserviceApplication using Java 17.0.10 with PID 2636 (C:\Users\ohchi\OneDrive\Desktop\ѧУ\205\billingservice\target\classes started by ohchi in C:\Users\ohchi\OneDrive\Desktop\ѧУ\205\billingservice)
2024-06-14T00:35:08.990+08:00  INFO 2636 --- [billingservice] [restartedMain] c.e.b.BillingserviceApplication          : No active profile set, falling back to 1 default profile: "default"
2024-06-14T00:35:09.030+08:00  INFO 2636 --- [billingservice] [restartedMain] .e.DevToolsPropertyDefaultsPostProcessor : Devtools property defaults active! Set 'spring.devtools.add-properties' to 'false' to disable
2024-06-14T00:35:09.030+08:00  INFO 2636 --- [billingservice] [restartedMain] .e.DevToolsPropertyDefaultsPostProcessor : For additional web related logging consider setting the 'logging.level.web' property to 'DEBUG'
2024-06-14T00:35:10.047+08:00  INFO 2636 --- [billingservice] [restartedMain] .s.d.r.c.RepositoryConfigurationDelegate : Bootstrapping Spring Data JPA repositories in DEFAULT mode.
2024-06-14T00:35:10.100+08:00  INFO 2636 --- [billingservice] [restartedMain] .s.d.r.c.RepositoryConfigurationDelegate : Finished Spring Data repository scanning in 45 ms. Found 1 JPA repository interface.
2024-06-14T00:35:10.830+08:00  INFO 2636 --- [billingservice] [restartedMain] o.s.b.w.embedded.tomcat.TomcatWebServer  : Tomcat initialized with port 8080 (http)
2024-06-14T00:35:10.848+08:00  INFO 2636 --- [billingservice] [restartedMain] o.apache.catalina.core.StandardService   : Starting service [Tomcat]
2024-06-14T00:35:10.849+08:00  INFO 2636 --- [billingservice] [restartedMain] o.apache.catalina.core.StandardEngine    : Starting Servlet engine: [Apache Tomcat/10.1.24]
2024-06-14T00:35:10.926+08:00  INFO 2636 --- [billingservice] [restartedMain] o.a.c.c.C.[Tomcat].[localhost].[/]       : Initializing Spring embedded WebApplicationContext
2024-06-14T00:35:10.927+08:00  INFO 2636 --- [billingservice] [restartedMain] w.s.c.ServletWebServerApplicationContext : Root WebApplicationContext: initialization completed in 1896 ms
2024-06-14T00:35:11.391+08:00  INFO 2636 --- [billingservice] [restartedMain] o.hibernate.jpa.internal.util.LogHelper  : HHH000204: Processing PersistenceUnitInfo [name: default]
2024-06-14T00:35:11.485+08:00  INFO 2636 --- [billingservice] [restartedMain] org.hibernate.Version                    : HHH000412: Hibernate ORM core version 6.5.2.Final
2024-06-14T00:35:11.545+08:00  INFO 2636 --- [billingservice] [restartedMain] o.h.c.internal.RegionFactoryInitiator    : HHH000026: Second-level cache disabled
2024-06-14T00:35:11.951+08:00  INFO 2636 --- [billingservice] [restartedMain] o.s.o.j.p.SpringPersistenceUnitInfo      : No LoadTimeWeaver setup: ignoring JPA class transformer
2024-06-14T00:35:11.988+08:00  INFO 2636 --- [billingservice] [restartedMain] com.zaxxer.hikari.HikariDataSource       : HikariPool-1 - Starting...
2024-06-14T00:35:12.137+08:00  INFO 2636 --- [billingservice] [restartedMain] com.zaxxer.hikari.pool.HikariPool        : HikariPool-1 - Added connection com.mysql.cj.jdbc.ConnectionImpl@83d13bc
2024-06-14T00:35:12.139+08:00  INFO 2636 --- [billingservice] [restartedMain] com.zaxxer.hikari.HikariDataSource       : HikariPool-1 - Start completed.
2024-06-14T00:35:12.159+08:00  WARN 2636 --- [billingservice] [restartedMain] org.hibernate.orm.deprecation            : HHH90000025: MySQL8Dialect does not need to be specified explicitly using 'hibernate.dialect' (remove the property setting and it will be selected by default)
2024-06-14T00:35:12.161+08:00  WARN 2636 --- [billingservice] [restartedMain] org.hibernate.orm.deprecation            : HHH90000026: MySQL8Dialect has been deprecated; use org.hibernate.dialect.MySQLDialect instead
2024-06-14T00:35:12.758+08:00  INFO 2636 --- [billingservice] [restartedMain] o.h.e.t.j.p.i.JtaPlatformInitiator       : HHH000489: No JTA platform available (set 'hibernate.transaction.jta.platform' to enable JTA platform integration)
2024-06-14T00:35:12.802+08:00  INFO 2636 --- [billingservice] [restartedMain] j.LocalContainerEntityManagerFactoryBean : Initialized JPA EntityManagerFactory for persistence unit 'default'
2024-06-14T00:35:13.244+08:00  WARN 2636 --- [billingservice] [restartedMain] JpaBaseConfiguration$JpaWebConfiguration : spring.jpa.open-in-view is enabled by default. Therefore, database queries may be performed during view rendering. Explicitly configure spring.jpa.open-in-view to disable this warning
2024-06-14T00:35:13.297+08:00  INFO 2636 --- [billingservice] [restartedMain] o.s.b.a.w.s.WelcomePageHandlerMapping    : Adding welcome page: class path resource [static/index.html]
2024-06-14T00:35:14.381+08:00  INFO 2636 --- [billingservice] [restartedMain] o.s.b.d.a.OptionalLiveReloadServer       : LiveReload server is running on port 35729
2024-06-14T00:35:14.397+08:00  INFO 2636 --- [billingservice] [restartedMain] o.s.b.a.e.web.EndpointLinksResolver      : Exposing 1 endpoint beneath base path '/actuator'
2024-06-14T00:35:14.501+08:00  INFO 2636 --- [billingservice] [restartedMain] o.s.b.w.embedded.tomcat.TomcatWebServer  : Tomcat started on port 8080 (http) with context path '/'
2024-06-14T00:35:14.520+08:00  INFO 2636 --- [billingservice] [restartedMain] c.e.b.BillingserviceApplication          : Started BillingserviceApplication in 5.844 seconds (process running for 6.311)
2024-06-14T00:35:14.888+08:00  INFO 2636 --- [billingservice] [RMI TCP Connection(2)-127.0.0.1] o.a.c.c.C.[Tomcat].[localhost].[/]       : Initializing Spring DispatcherServlet 'dispatcherServlet'
2024-06-14T00:35:14.888+08:00  INFO 2636 --- [billingservice] [RMI TCP Connection(2)-127.0.0.1] o.s.web.servlet.DispatcherServlet        : Initializing Servlet 'dispatcherServlet'
2024-06-14T00:35:14.889+08:00  INFO 2636 --- [billingservice] [RMI TCP Connection(2)-127.0.0.1] o.s.web.servlet.DispatcherServlet        : Completed initialization in 0 ms
2024-06-14T00:38:39.600+08:00  INFO 32680 --- [billingservice] [restartedMain] c.e.b.BillingserviceApplication          : Starting BillingserviceApplication using Java 17.0.10 with PID 32680 (C:\Users\ohchi\OneDrive\Desktop\ѧУ\205\billingservice\target\classes started by ohchi in C:\Users\ohchi\OneDrive\Desktop\ѧУ\205\billingservice)
2024-06-14T00:38:39.604+08:00  INFO 32680 --- [billingservice] [restartedMain] c.e.b.BillingserviceApplication          : No active profile set, falling back to 1 default profile: "default"
2024-06-14T00:38:39.651+08:00  INFO 32680 --- [billingservice] [restartedMain] .e.DevToolsPropertyDefaultsPostProcessor : Devtools property defaults active! Set 'spring.devtools.add-properties' to 'false' to disable
2024-06-14T00:38:39.652+08:00  INFO 32680 --- [billingservice] [restartedMain] .e.DevToolsPropertyDefaultsPostProcessor : For additional web related logging consider setting the 'logging.level.web' property to 'DEBUG'
2024-06-14T00:38:40.722+08:00  INFO 32680 --- [billingservice] [restartedMain] .s.d.r.c.RepositoryConfigurationDelegate : Bootstrapping Spring Data JPA repositories in DEFAULT mode.
2024-06-14T00:38:40.780+08:00  INFO 32680 --- [billingservice] [restartedMain] .s.d.r.c.RepositoryConfigurationDelegate : Finished Spring Data repository scanning in 49 ms. Found 1 JPA repository interface.
2024-06-14T00:38:41.673+08:00  INFO 32680 --- [billingservice] [restartedMain] o.s.b.w.embedded.tomcat.TomcatWebServer  : Tomcat initialized with port 8080 (http)
2024-06-14T00:38:41.693+08:00  INFO 32680 --- [billingservice] [restartedMain] o.apache.catalina.core.StandardService   : Starting service [Tomcat]
2024-06-14T00:38:41.694+08:00  INFO 32680 --- [billingservice] [restartedMain] o.apache.catalina.core.StandardEngine    : Starting Servlet engine: [Apache Tomcat/10.1.24]
2024-06-14T00:38:41.780+08:00  INFO 32680 --- [billingservice] [restartedMain] o.a.c.c.C.[Tomcat].[localhost].[/]       : Initializing Spring embedded WebApplicationContext
2024-06-14T00:38:41.781+08:00  INFO 32680 --- [billingservice] [restartedMain] w.s.c.ServletWebServerApplicationContext : Root WebApplicationContext: initialization completed in 2128 ms
2024-06-14T00:38:42.285+08:00  INFO 32680 --- [billingservice] [restartedMain] o.hibernate.jpa.internal.util.LogHelper  : HHH000204: Processing PersistenceUnitInfo [name: default]
2024-06-14T00:38:42.394+08:00  INFO 32680 --- [billingservice] [restartedMain] org.hibernate.Version                    : HHH000412: Hibernate ORM core version 6.5.2.Final
2024-06-14T00:38:42.465+08:00  INFO 32680 --- [billingservice] [restartedMain] o.h.c.internal.RegionFactoryInitiator    : HHH000026: Second-level cache disabled
2024-06-14T00:38:42.964+08:00  INFO 32680 --- [billingservice] [restartedMain] o.s.o.j.p.SpringPersistenceUnitInfo      : No LoadTimeWeaver setup: ignoring JPA class transformer
2024-06-14T00:38:43.020+08:00  INFO 32680 --- [billingservice] [restartedMain] com.zaxxer.hikari.HikariDataSource       : HikariPool-1 - Starting...
2024-06-14T00:38:43.222+08:00  INFO 32680 --- [billingservice] [restartedMain] com.zaxxer.hikari.pool.HikariPool        : HikariPool-1 - Added connection com.mysql.cj.jdbc.ConnectionImpl@83d13bc
2024-06-14T00:38:43.224+08:00  INFO 32680 --- [billingservice] [restartedMain] com.zaxxer.hikari.HikariDataSource       : HikariPool-1 - Start completed.
2024-06-14T00:38:43.249+08:00  WARN 32680 --- [billingservice] [restartedMain] org.hibernate.orm.deprecation            : HHH90000025: MySQL8Dialect does not need to be specified explicitly using 'hibernate.dialect' (remove the property setting and it will be selected by default)
2024-06-14T00:38:43.251+08:00  WARN 32680 --- [billingservice] [restartedMain] org.hibernate.orm.deprecation            : HHH90000026: MySQL8Dialect has been deprecated; use org.hibernate.dialect.MySQLDialect instead
2024-06-14T00:38:43.883+08:00  INFO 32680 --- [billingservice] [restartedMain] o.h.e.t.j.p.i.JtaPlatformInitiator       : HHH000489: No JTA platform available (set 'hibernate.transaction.jta.platform' to enable JTA platform integration)
2024-06-14T00:38:43.924+08:00  INFO 32680 --- [billingservice] [restartedMain] j.LocalContainerEntityManagerFactoryBean : Initialized JPA EntityManagerFactory for persistence unit 'default'
2024-06-14T00:38:44.468+08:00  WARN 32680 --- [billingservice] [restartedMain] JpaBaseConfiguration$JpaWebConfiguration : spring.jpa.open-in-view is enabled by default. Therefore, database queries may be performed during view rendering. Explicitly configure spring.jpa.open-in-view to disable this warning
2024-06-14T00:38:44.529+08:00  INFO 32680 --- [billingservice] [restartedMain] o.s.b.a.w.s.WelcomePageHandlerMapping    : Adding welcome page: class path resource [static/index.html]
2024-06-14T00:38:45.746+08:00  INFO 32680 --- [billingservice] [restartedMain] o.s.b.d.a.OptionalLiveReloadServer       : LiveReload server is running on port 35729
2024-06-14T00:38:45.756+08:00  INFO 32680 --- [billingservice] [restartedMain] o.s.b.a.e.web.EndpointLinksResolver      : Exposing 1 endpoint beneath base path '/actuator'
2024-06-14T00:38:45.845+08:00  INFO 32680 --- [billingservice] [restartedMain] o.s.b.w.embedded.tomcat.TomcatWebServer  : Tomcat started on port 8080 (http) with context path '/'
2024-06-14T00:38:45.857+08:00  INFO 32680 --- [billingservice] [restartedMain] c.e.b.BillingserviceApplication          : Started BillingserviceApplication in 6.578 seconds (process running for 7.087)
2024-06-14T00:38:48.123+08:00  INFO 32680 --- [billingservice] [http-nio-8080-exec-1] o.a.c.c.C.[Tomcat].[localhost].[/]       : Initializing Spring DispatcherServlet 'dispatcherServlet'
2024-06-14T00:38:48.125+08:00  INFO 32680 --- [billingservice] [http-nio-8080-exec-1] o.s.web.servlet.DispatcherServlet        : Initializing Servlet 'dispatcherServlet'
2024-06-14T00:38:48.126+08:00  INFO 32680 --- [billingservice] [http-nio-8080-exec-1] o.s.web.servlet.DispatcherServlet        : Completed initialization in 1 ms
2024-06-14T00:40:20.960+08:00  INFO 28588 --- [billingservice] [restartedMain] c.e.b.BillingserviceApplication          : Starting BillingserviceApplication using Java 17.0.10 with PID 28588 (C:\Users\ohchi\OneDrive\Desktop\ѧУ\205\billingservice\target\classes started by ohchi in C:\Users\ohchi\OneDrive\Desktop\ѧУ\205\billingservice)
2024-06-14T00:40:20.967+08:00  INFO 28588 --- [billingservice] [restartedMain] c.e.b.BillingserviceApplication          : No active profile set, falling back to 1 default profile: "default"
2024-06-14T00:40:21.016+08:00  INFO 28588 --- [billingservice] [restartedMain] .e.DevToolsPropertyDefaultsPostProcessor : Devtools property defaults active! Set 'spring.devtools.add-properties' to 'false' to disable
2024-06-14T00:40:21.017+08:00  INFO 28588 --- [billingservice] [restartedMain] .e.DevToolsPropertyDefaultsPostProcessor : For additional web related logging consider setting the 'logging.level.web' property to 'DEBUG'
2024-06-14T00:40:21.918+08:00  INFO 28588 --- [billingservice] [restartedMain] .s.d.r.c.RepositoryConfigurationDelegate : Bootstrapping Spring Data JPA repositories in DEFAULT mode.
2024-06-14T00:40:21.978+08:00  INFO 28588 --- [billingservice] [restartedMain] .s.d.r.c.RepositoryConfigurationDelegate : Finished Spring Data repository scanning in 47 ms. Found 1 JPA repository interface.
2024-06-14T00:40:22.768+08:00  INFO 28588 --- [billingservice] [restartedMain] o.s.b.w.embedded.tomcat.TomcatWebServer  : Tomcat initialized with port 8080 (http)
2024-06-14T00:40:22.787+08:00  INFO 28588 --- [billingservice] [restartedMain] o.apache.catalina.core.StandardService   : Starting service [Tomcat]
2024-06-14T00:40:22.788+08:00  INFO 28588 --- [billingservice] [restartedMain] o.apache.catalina.core.StandardEngine    : Starting Servlet engine: [Apache Tomcat/10.1.24]
2024-06-14T00:40:22.857+08:00  INFO 28588 --- [billingservice] [restartedMain] o.a.c.c.C.[Tomcat].[localhost].[/]       : Initializing Spring embedded WebApplicationContext
2024-06-14T00:40:22.858+08:00  INFO 28588 --- [billingservice] [restartedMain] w.s.c.ServletWebServerApplicationContext : Root WebApplicationContext: initialization completed in 1841 ms
2024-06-14T00:40:23.391+08:00  INFO 28588 --- [billingservice] [restartedMain] o.hibernate.jpa.internal.util.LogHelper  : HHH000204: Processing PersistenceUnitInfo [name: default]
2024-06-14T00:40:23.486+08:00  INFO 28588 --- [billingservice] [restartedMain] org.hibernate.Version                    : HHH000412: Hibernate ORM core version 6.5.2.Final
2024-06-14T00:40:23.549+08:00  INFO 28588 --- [billingservice] [restartedMain] o.h.c.internal.RegionFactoryInitiator    : HHH000026: Second-level cache disabled
2024-06-14T00:40:24.002+08:00  INFO 28588 --- [billingservice] [restartedMain] o.s.o.j.p.SpringPersistenceUnitInfo      : No LoadTimeWeaver setup: ignoring JPA class transformer
2024-06-14T00:40:24.041+08:00  INFO 28588 --- [billingservice] [restartedMain] com.zaxxer.hikari.HikariDataSource       : HikariPool-1 - Starting...
2024-06-14T00:40:24.202+08:00  INFO 28588 --- [billingservice] [restartedMain] com.zaxxer.hikari.pool.HikariPool        : HikariPool-1 - Added connection com.mysql.cj.jdbc.ConnectionImpl@39c2a58d
2024-06-14T00:40:24.204+08:00  INFO 28588 --- [billingservice] [restartedMain] com.zaxxer.hikari.HikariDataSource       : HikariPool-1 - Start completed.
2024-06-14T00:40:24.225+08:00  WARN 28588 --- [billingservice] [restartedMain] org.hibernate.orm.deprecation            : HHH90000025: MySQL8Dialect does not need to be specified explicitly using 'hibernate.dialect' (remove the property setting and it will be selected by default)
2024-06-14T00:40:24.227+08:00  WARN 28588 --- [billingservice] [restartedMain] org.hibernate.orm.deprecation            : HHH90000026: MySQL8Dialect has been deprecated; use org.hibernate.dialect.MySQLDialect instead
2024-06-14T00:40:24.826+08:00  INFO 28588 --- [billingservice] [restartedMain] o.h.e.t.j.p.i.JtaPlatformInitiator       : HHH000489: No JTA platform available (set 'hibernate.transaction.jta.platform' to enable JTA platform integration)
2024-06-14T00:40:24.875+08:00  INFO 28588 --- [billingservice] [restartedMain] j.LocalContainerEntityManagerFactoryBean : Initialized JPA EntityManagerFactory for persistence unit 'default'
2024-06-14T00:40:25.280+08:00  WARN 28588 --- [billingservice] [restartedMain] JpaBaseConfiguration$JpaWebConfiguration : spring.jpa.open-in-view is enabled by default. Therefore, database queries may be performed during view rendering. Explicitly configure spring.jpa.open-in-view to disable this warning
2024-06-14T00:40:25.329+08:00  INFO 28588 --- [billingservice] [restartedMain] o.s.b.a.w.s.WelcomePageHandlerMapping    : Adding welcome page: class path resource [static/index.html]
2024-06-14T00:40:26.216+08:00  INFO 28588 --- [billingservice] [restartedMain] o.s.b.d.a.OptionalLiveReloadServer       : LiveReload server is running on port 35729
2024-06-14T00:40:26.232+08:00  INFO 28588 --- [billingservice] [restartedMain] o.s.b.a.e.web.EndpointLinksResolver      : Exposing 1 endpoint beneath base path '/actuator'
2024-06-14T00:40:26.330+08:00  INFO 28588 --- [billingservice] [restartedMain] o.s.b.w.embedded.tomcat.TomcatWebServer  : Tomcat started on port 8080 (http) with context path '/'
2024-06-14T00:40:26.342+08:00  INFO 28588 --- [billingservice] [restartedMain] c.e.b.BillingserviceApplication          : Started BillingserviceApplication in 5.716 seconds (process running for 6.263)
2024-06-14T00:40:26.759+08:00  INFO 28588 --- [billingservice] [RMI TCP Connection(2)-127.0.0.1] o.a.c.c.C.[Tomcat].[localhost].[/]       : Initializing Spring DispatcherServlet 'dispatcherServlet'
2024-06-14T00:40:26.759+08:00  INFO 28588 --- [billingservice] [RMI TCP Connection(2)-127.0.0.1] o.s.web.servlet.DispatcherServlet        : Initializing Servlet 'dispatcherServlet'
2024-06-14T00:40:26.760+08:00  INFO 28588 --- [billingservice] [RMI TCP Connection(2)-127.0.0.1] o.s.web.servlet.DispatcherServlet        : Completed initialization in 0 ms
